#! c:/iverilog-x86/bin/vvp
:ivl_version "10.0 (stable)" "(v10_0)";
:ivl_delay_selection "TYPICAL";
:vpi_time_precision - 12;
:vpi_module "system";
:vpi_module "vhdl_sys";
:vpi_module "v2005_math";
:vpi_module "va_math";
S_009730a0 .scope module, "spi_miso" "spi_miso" 2 2;
 .timescale -9 -12;
    .port_info 0 /OUTPUT 1 "spi_mosi_out"
    .port_info 1 /OUTPUT 8 "spi_miso_out"
    .port_info 2 /INPUT 1 "spi_cs"
    .port_info 3 /INPUT 1 "spi_clk"
    .port_info 4 /INPUT 1 "data_av"
    .port_info 5 /INPUT 1 "read_req"
    .port_info 6 /INPUT 1 "spi_miso_in"
P_009798c0 .param/l "DSIZE" 0 2 4, +C4<00000000000000000000000000001000>;
v00973170_0 .var "data", 7 0;
o02863fbc .functor BUFZ 1, C4<z>; HiZ drive
v009731c8_0 .net "data_av", 0 0, o02863fbc;  0 drivers
v00973220_0 .var "point", 2 0;
o02863fec .functor BUFZ 1, C4<z>; HiZ drive
v0097eef8_0 .net "read_req", 0 0, o02863fec;  0 drivers
o02864004 .functor BUFZ 1, C4<z>; HiZ drive
v0097ef50_0 .net "spi_clk", 0 0, o02864004;  0 drivers
o0286401c .functor BUFZ 1, C4<z>; HiZ drive
v00977860_0 .net "spi_cs", 0 0, o0286401c;  0 drivers
o02864034 .functor BUFZ 1, C4<z>; HiZ drive
v009778b8_0 .net "spi_miso_in", 0 0, o02864034;  0 drivers
v00977910_0 .var "spi_miso_out", 7 0;
v00977968_0 .var "spi_mosi_out", 0 0;
v00977a08_0 .var "x", 0 0;
E_009799d8 .event posedge, v0097ef50_0;
    .scope S_009730a0;
T_0 ;
    %pushi/vec4 0, 0, 3;
    %assign/vec4 v00973220_0, 0;
    %end;
    .thread T_0;
    .scope S_009730a0;
T_1 ;
    %wait E_009799d8;
    %load/vec4 v00977860_0;
    %load/vec4 v009731c8_0;
    %nor/r;
    %and;
    %load/vec4 v0097eef8_0;
    %and;
    %flag_set/vec4 8;
    %jmp/0xz  T_1.0, 8;
    %pushi/vec4 1, 0, 1;
    %assign/vec4 v00977968_0, 0;
    %pushi/vec4 0, 0, 1;
    %assign/vec4 v00977a08_0, 0;
    %jmp T_1.1;
T_1.0 ;
    %load/vec4 v00977860_0;
    %nor/r;
    %flag_set/vec4 8;
    %jmp/0xz  T_1.2, 8;
    %load/vec4 v009778b8_0;
    %ix/load 5, 0, 0;
    %ix/getv 4, v00973220_0;
    %assign/vec4/off/d v00973170_0, 4, 5;
    %vpi_call 2 55 "$display", "at time %0d data=%b  ", $time, v00973170_0 {0 0 0};
    %load/vec4 v00973220_0;
    %addi 1, 0, 3;
    %assign/vec4 v00973220_0, 0;
    %vpi_call 2 57 "$display", "at time %0d point=%d  ", $time, v00973220_0 {0 0 0};
T_1.2 ;
T_1.1 ;
    %jmp T_1;
    .thread T_1;
    .scope S_009730a0;
T_2 ;
    %wait E_009799d8;
    %load/vec4 v00973220_0;
    %pad/u 32;
    %cmpi/e 0, 0, 32;
    %jmp/0xz  T_2.0, 4;
    %load/vec4 v00973170_0;
    %assign/vec4 v00977910_0, 0;
T_2.0 ;
    %jmp T_2;
    .thread T_2;
# The file index is used to find the file name in the following table.
:file_names 3;
    "N/A";
    "<interactive>";
    "spi_miso.v";
