#! c:/iverilog-x86/bin/vvp
:ivl_version "10.0 (stable)" "(v10_0)";
:ivl_delay_selection "TYPICAL";
:vpi_time_precision - 12;
:vpi_module "system";
:vpi_module "vhdl_sys";
:vpi_module "v2005_math";
:vpi_module "va_math";
S_009e3118 .scope module, "spi_mosi" "spi_mosi" 2 2;
 .timescale -9 -12;
    .port_info 0 /OUTPUT 1 "spi_mosi_out"
    .port_info 1 /INPUT 1 "spi_cs"
    .port_info 2 /INPUT 1 "spi_clk"
    .port_info 3 /INPUT 1 "data_av"
    .port_info 4 /INPUT 1 "read_req"
    .port_info 5 /INPUT 8 "spi_mosi_in"
P_009e82e0 .param/l "DSIZE" 0 2 4, +C4<00000000000000000000000000001000>;
v009e3238_0 .var "data", 7 0;
o02773fd4 .functor BUFZ 1, C4<z>; HiZ drive
v009eee08_0 .net "data_av", 0 0, o02773fd4;  0 drivers
v009eee60_0 .var "point", 2 0;
o02774004 .functor BUFZ 1, C4<z>; HiZ drive
v009eeeb8_0 .net "read_req", 0 0, o02774004;  0 drivers
o0277401c .functor BUFZ 1, C4<z>; HiZ drive
v009eef10_0 .net "spi_clk", 0 0, o0277401c;  0 drivers
o02774034 .functor BUFZ 1, C4<z>; HiZ drive
v009eef68_0 .net "spi_cs", 0 0, o02774034;  0 drivers
o0277404c .functor BUFZ 8, C4<zzzzzzzz>; HiZ drive
v009e89a0_0 .net "spi_mosi_in", 7 0, o0277404c;  0 drivers
v009e89f8_0 .var "spi_mosi_out", 0 0;
v009e8a50_0 .var "x", 0 0;
E_009e8268 .event posedge, v009eef10_0;
    .scope S_009e3118;
T_0 ;
    %pushi/vec4 0, 0, 3;
    %assign/vec4 v009eee60_0, 0;
    %end;
    .thread T_0;
    .scope S_009e3118;
T_1 ;
    %wait E_009e8268;
    %load/vec4 v009eef68_0;
    %load/vec4 v009eee08_0;
    %and;
    %load/vec4 v009eeeb8_0;
    %nor/r;
    %and;
    %flag_set/vec4 8;
    %jmp/0xz  T_1.0, 8;
    %pushi/vec4 0, 0, 1;
    %assign/vec4 v009e89f8_0, 0;
    %pushi/vec4 1, 0, 1;
    %assign/vec4 v009e8a50_0, 0;
    %jmp T_1.1;
T_1.0 ;
    %load/vec4 v009eef68_0;
    %nor/r;
    %load/vec4 v009e8a50_0;
    %and;
    %flag_set/vec4 8;
    %jmp/0xz  T_1.2, 8;
    %load/vec4 v009eee60_0;
    %pad/u 32;
    %cmpi/e 0, 0, 32;
    %jmp/0xz  T_1.4, 4;
    %load/vec4 v009e89a0_0;
    %assign/vec4 v009e3238_0, 0;
    %load/vec4 v009e89a0_0;
    %parti/s 1, 0, 2;
    %assign/vec4 v009e89f8_0, 0;
    %jmp T_1.5;
T_1.4 ;
    %load/vec4 v009e3238_0;
    %load/vec4 v009eee60_0;
    %part/u 1;
    %assign/vec4 v009e89f8_0, 0;
T_1.5 ;
    %load/vec4 v009eee60_0;
    %addi 1, 0, 3;
    %assign/vec4 v009eee60_0, 0;
    %vpi_call 2 50 "$display", "at time %0d point=%d  ", $time, v009eee60_0 {0 0 0};
    %vpi_call 2 51 "$display", "at time %0d data=%b  ", $time, v009e3238_0 {0 0 0};
T_1.2 ;
T_1.1 ;
    %jmp T_1;
    .thread T_1;
# The file index is used to find the file name in the following table.
:file_names 3;
    "N/A";
    "<interactive>";
    "spi_mosi.v";
