============================================================
  Generated by:           Encounter(R) RTL Compiler v11.20-s017_1
  Generated on:           Jul 18 2016  05:07:29 pm
  Module:                 spi_final
  Technology libraries:   c35_CORELIB_TYP 3.02
                          c35_IOLIB_TYP revision 1.0
  Operating conditions:   typical (balanced_tree)
  Wireload mode:          enclosed
  Area mode:              timing library
============================================================

                              
  Gate   Instances    Area          Library      
-------------------------------------------------
ADD21            6    873.600    c35_CORELIB_TYP 
AOI210           2    145.600    c35_CORELIB_TYP 
AOI211           2    145.600    c35_CORELIB_TYP 
AOI2110          8    728.000    c35_CORELIB_TYP 
AOI220          53   4823.000    c35_CORELIB_TYP 
AOI221           2    182.000    c35_CORELIB_TYP 
AOI310           2    182.000    c35_CORELIB_TYP 
CLKIN0           1     36.400    c35_CORELIB_TYP 
CLKIN2           3    109.200    c35_CORELIB_TYP 
CLKIN3           7    254.800    c35_CORELIB_TYP 
DFC3            33  10210.200    c35_CORELIB_TYP 
DFE1           105  34398.000    c35_CORELIB_TYP 
DFEC1            8   2766.400    c35_CORELIB_TYP 
DFP3             4   1237.600    c35_CORELIB_TYP 
IMUX20           6    546.000    c35_CORELIB_TYP 
IMUX21           1     91.000    c35_CORELIB_TYP 
INV2            28   1019.200    c35_CORELIB_TYP 
INV3             2     72.800    c35_CORELIB_TYP 
JKC3             3   1092.000    c35_CORELIB_TYP 
NAND20          25   1365.000    c35_CORELIB_TYP 
NAND22          14    764.400    c35_CORELIB_TYP 
NAND30           1     72.800    c35_CORELIB_TYP 
NAND40          14   1274.000    c35_CORELIB_TYP 
NOR20           44   2402.400    c35_CORELIB_TYP 
NOR21           29   1583.400    c35_CORELIB_TYP 
NOR30            1     72.800    c35_CORELIB_TYP 
NOR31            2    145.600    c35_CORELIB_TYP 
OAI210           3    218.400    c35_CORELIB_TYP 
OAI2110          4    364.000    c35_CORELIB_TYP 
OAI212           4    291.200    c35_CORELIB_TYP 
OAI220           3    273.000    c35_CORELIB_TYP 
OAI310           1     91.000    c35_CORELIB_TYP 
OAI311           1     91.000    c35_CORELIB_TYP 
TFEC3            2    691.600    c35_CORELIB_TYP 
TFSC1            2    691.600    c35_CORELIB_TYP 
XNR20            1    109.200    c35_CORELIB_TYP 
-------------------------------------------------
total          427  69414.800                    


                                      
   Type    Instances    Area   Area % 
--------------------------------------
sequential       157 51087.400   73.6 
inverter          41  1492.400    2.1 
logic            229 16835.000   24.3 
--------------------------------------
total            427 69414.800  100.0 

