============================================================
  Generated by:           Encounter(R) RTL Compiler v11.20-s017_1
  Generated on:           Jul 18 2016  05:07:29 pm
  Module:                 spi_final
  Technology libraries:   c35_CORELIB_TYP 3.02
                          c35_IOLIB_TYP revision 1.0
  Operating conditions:   typical (balanced_tree)
  Wireload mode:          enclosed
  Area mode:              timing library
============================================================

                                     Wire      Wire   Wireload 
        Net        Loads   Drivers Cap(fF) Res(k-ohm)    Model 
---------------------------------------------------------------
control_clk           19         1     0.0      0.000    10k   
spi_clk                1         1     0.0      0.000    10k   
spi_cs                 3         1     0.0      0.000    10k   
spi_mosi_in[0]         1         1     8.2      0.007    10k   
spi_mosi_in[1]         1         1     8.2      0.007    10k   
spi_mosi_in[2]         1         1     8.2      0.007    10k   
spi_mosi_in[3]         1         1     8.2      0.007    10k   
spi_mosi_in[4]         1         1     8.2      0.007    10k   
spi_mosi_in[5]         1         1     8.2      0.007    10k   
spi_mosi_in[6]         1         1     8.2      0.007    10k   
A_counter[0]           1         1     8.2      0.007    10k   
A_counter[1]           3         1    24.5      0.021    10k   
A_counter[2]           4         1    32.7      0.028    10k   
A_counter[3]           2         1    16.3      0.014    10k   
I1_data_en             4         1    32.7      0.028    10k   
I1_ex_mem[0][0]        1         1     8.2      0.007    10k   
I1_ex_mem[0][1]        1         1     8.2      0.007    10k   
I1_ex_mem[0][2]        1         1     8.2      0.007    10k   
I1_ex_mem[0][3]        1         1     8.2      0.007    10k   
I1_ex_mem[0][4]        1         1     8.2      0.007    10k   
I1_ex_mem[0][5]        1         1     8.2      0.007    10k   
I1_ex_mem[0][6]        1         1     8.2      0.007    10k   
I1_ex_mem[10][0]       1         1     8.2      0.007    10k   
I1_ex_mem[10][1]       1         1     8.2      0.007    10k   
I1_ex_mem[10][2]       1         1     8.2      0.007    10k   
I1_ex_mem[10][3]       1         1     8.2      0.007    10k   
I1_ex_mem[10][4]       1         1     8.2      0.007    10k   
I1_ex_mem[10][5]       1         1     8.2      0.007    10k   
I1_ex_mem[10][6]       1         1     8.2      0.007    10k   
I1_ex_mem[11][0]       1         1     8.2      0.007    10k   
I1_ex_mem[11][1]       1         1     8.2      0.007    10k   
I1_ex_mem[11][2]       1         1     8.2      0.007    10k   
I1_ex_mem[11][3]       1         1     8.2      0.007    10k   
I1_ex_mem[11][4]       1         1     8.2      0.007    10k   
I1_ex_mem[11][5]       1         1     8.2      0.007    10k   
I1_ex_mem[11][6]       1         1     8.2      0.007    10k   
I1_ex_mem[12][0]       1         1     8.2      0.007    10k   
I1_ex_mem[12][1]       1         1     8.2      0.007    10k   
I1_ex_mem[12][2]       1         1     8.2      0.007    10k   
I1_ex_mem[12][3]       1         1     8.2      0.007    10k   
I1_ex_mem[12][4]       1         1     8.2      0.007    10k   
I1_ex_mem[12][5]       1         1     8.2      0.007    10k   
I1_ex_mem[12][6]       1         1     8.2      0.007    10k   
I1_ex_mem[13][0]       1         1     8.2      0.007    10k   
I1_ex_mem[13][1]       1         1     8.2      0.007    10k   
I1_ex_mem[13][2]       1         1     8.2      0.007    10k   
I1_ex_mem[13][3]       1         1     8.2      0.007    10k   
I1_ex_mem[13][4]       1         1     8.2      0.007    10k   
I1_ex_mem[13][5]       1         1     8.2      0.007    10k   
I1_ex_mem[13][6]       1         1     8.2      0.007    10k   
I1_ex_mem[14][0]       1         1     8.2      0.007    10k   
I1_ex_mem[14][1]       1         1     8.2      0.007    10k   
I1_ex_mem[14][2]       1         1     8.2      0.007    10k   
I1_ex_mem[14][3]       1         1     8.2      0.007    10k   
I1_ex_mem[14][4]       1         1     8.2      0.007    10k   
I1_ex_mem[14][5]       1         1     8.2      0.007    10k   
I1_ex_mem[14][6]       1         1     8.2      0.007    10k   
I1_ex_mem[1][0]        1         1     8.2      0.007    10k   
I1_ex_mem[1][1]        1         1     8.2      0.007    10k   
I1_ex_mem[1][2]        1         1     8.2      0.007    10k   
I1_ex_mem[1][3]        1         1     8.2      0.007    10k   
I1_ex_mem[1][4]        1         1     8.2      0.007    10k   
I1_ex_mem[1][5]        1         1     8.2      0.007    10k   
I1_ex_mem[1][6]        1         1     8.2      0.007    10k   
I1_ex_mem[2][0]        1         1     8.2      0.007    10k   
I1_ex_mem[2][1]        1         1     8.2      0.007    10k   
I1_ex_mem[2][2]        1         1     8.2      0.007    10k   
I1_ex_mem[2][3]        1         1     8.2      0.007    10k   
I1_ex_mem[2][4]        1         1     8.2      0.007    10k   
I1_ex_mem[2][5]        1         1     8.2      0.007    10k   
I1_ex_mem[2][6]        1         1     8.2      0.007    10k   
I1_ex_mem[3][0]        1         1     8.2      0.007    10k   
I1_ex_mem[3][1]        1         1     8.2      0.007    10k   
I1_ex_mem[3][2]        1         1     8.2      0.007    10k   
I1_ex_mem[3][3]        1         1     8.2      0.007    10k   
I1_ex_mem[3][4]        1         1     8.2      0.007    10k   
I1_ex_mem[3][5]        1         1     8.2      0.007    10k   
I1_ex_mem[3][6]        1         1     8.2      0.007    10k   
I1_ex_mem[4][0]        1         1     8.2      0.007    10k   
I1_ex_mem[4][1]        1         1     8.2      0.007    10k   
I1_ex_mem[4][2]        1         1     8.2      0.007    10k   
I1_ex_mem[4][3]        1         1     8.2      0.007    10k   
I1_ex_mem[4][4]        1         1     8.2      0.007    10k   
I1_ex_mem[4][5]        1         1     8.2      0.007    10k   
I1_ex_mem[4][6]        1         1     8.2      0.007    10k   
I1_ex_mem[5][0]        1         1     8.2      0.007    10k   
I1_ex_mem[5][1]        1         1     8.2      0.007    10k   
I1_ex_mem[5][2]        1         1     8.2      0.007    10k   
I1_ex_mem[5][3]        1         1     8.2      0.007    10k   
I1_ex_mem[5][4]        1         1     8.2      0.007    10k   
I1_ex_mem[5][5]        1         1     8.2      0.007    10k   
I1_ex_mem[5][6]        1         1     8.2      0.007    10k   
I1_ex_mem[6][0]        1         1     8.2      0.007    10k   
I1_ex_mem[6][1]        1         1     8.2      0.007    10k   
I1_ex_mem[6][2]        1         1     8.2      0.007    10k   
I1_ex_mem[6][3]        1         1     8.2      0.007    10k   
I1_ex_mem[6][4]        1         1     8.2      0.007    10k   
I1_ex_mem[6][5]        1         1     8.2      0.007    10k   
I1_ex_mem[6][6]        1         1     8.2      0.007    10k   
I1_ex_mem[7][0]        1         1     8.2      0.007    10k   
I1_ex_mem[7][1]        1         1     8.2      0.007    10k   
I1_ex_mem[7][2]        1         1     8.2      0.007    10k   
I1_ex_mem[7][3]        1         1     8.2      0.007    10k   
I1_ex_mem[7][4]        1         1     8.2      0.007    10k   
I1_ex_mem[7][5]        1         1     8.2      0.007    10k   
I1_ex_mem[7][6]        1         1     8.2      0.007    10k   
I1_ex_mem[8][0]        1         1     8.2      0.007    10k   
I1_ex_mem[8][1]        1         1     8.2      0.007    10k   
I1_ex_mem[8][2]        1         1     8.2      0.007    10k   
I1_ex_mem[8][3]        1         1     8.2      0.007    10k   
I1_ex_mem[8][4]        1         1     8.2      0.007    10k   
I1_ex_mem[8][5]        1         1     8.2      0.007    10k   
I1_ex_mem[8][6]        1         1     8.2      0.007    10k   
I1_ex_mem[9][0]        1         1     8.2      0.007    10k   
I1_ex_mem[9][1]        1         1     8.2      0.007    10k   
I1_ex_mem[9][2]        1         1     8.2      0.007    10k   
I1_ex_mem[9][3]        1         1     8.2      0.007    10k   
I1_ex_mem[9][4]        1         1     8.2      0.007    10k   
I1_ex_mem[9][5]        1         1     8.2      0.007    10k   
I1_ex_mem[9][6]        1         1     8.2      0.007    10k   
I1_r_empty             1         1     8.2      0.007    10k   
I1_r_pointer[0]        2         1    16.3      0.014    10k   
I1_r_pointer[1]        2         1    16.3      0.014    10k   
I1_r_pointer[2]        3         1    24.5      0.021    10k   
I1_r_pointer[3]        4         1    32.7      0.028    10k   
I1_rdata[0]            2         1    16.3      0.014    10k   
I1_rdata[1]            2         1    16.3      0.014    10k   
I1_rdata[2]            1         1     8.2      0.007    10k   
I1_rdata[3]            2         1    16.3      0.014    10k   
I1_rdata[4]            2         1    16.3      0.014    10k   
I1_rdata[5]            2         1    16.3      0.014    10k   
I1_rdata[6]            2         1    16.3      0.014    10k   
I1_rinc                3         1    24.5      0.021    10k   
I1_w_full              7         1    57.2      0.049    10k   
I1_w_pointer[0]        4         1    32.7      0.028    10k   
I1_w_pointer[1]        2         1    16.3      0.014    10k   
I1_w_pointer[2]        3         1    24.5      0.021    10k   
I1_w_pointer[3]        3         1    24.5      0.021    10k   
I1_winc                2         1    16.3      0.014    10k   
n_0                    1         1     8.2      0.007    10k   
n_1                    1         1     8.2      0.007    10k   
n_2                    3         1    24.5      0.021    10k   
n_3                    1         1     8.2      0.007    10k   
n_4                    1         1     8.2      0.007    10k   
n_5                    5         1    40.8      0.035    10k   
n_6                    4         1    32.7      0.028    10k   
n_7                    2         1    16.3      0.014    10k   
n_8                    3         1    24.5      0.021    10k   
n_9                    2         1    16.3      0.014    10k   
n_10                   3         1    24.5      0.021    10k   
n_11                   2         1    16.3      0.014    10k   
n_12                   3         1    24.5      0.021    10k   
n_13                   1         1     8.2      0.007    10k   
n_14                   5         1    40.8      0.035    10k   
n_15                   1         1     8.2      0.007    10k   
n_16                   5         1    40.8      0.035    10k   
n_17                   5         1    40.8      0.035    10k   
n_18                   5         1    40.8      0.035    10k   
n_19                   1         1     8.2      0.007    10k   
n_20                   4         1    32.7      0.028    10k   
n_21                   5         1    40.8      0.035    10k   
n_22                   2         1    16.3      0.014    10k   
n_23                   3         1    24.5      0.021    10k   
n_24                   4         1    32.7      0.028    10k   
n_25                   5         1    40.8      0.035    10k   
n_26                   3         1    24.5      0.021    10k   
n_27                   1         1     8.2      0.007    10k   
n_28                   2         1    16.3      0.014    10k   
n_29                   3         1    24.5      0.021    10k   
n_30                   1         1     8.2      0.007    10k   
n_31                   1         1     8.2      0.007    10k   
n_32                   2         1    16.3      0.014    10k   
n_33                   2         1    16.3      0.014    10k   
n_34                   1         1     8.2      0.007    10k   
n_36                   1         1     8.2      0.007    10k   
n_37                   1         1     8.2      0.007    10k   
n_38                   2         1    16.3      0.014    10k   
n_39                   1         1     8.2      0.007    10k   
n_40                   1         1     8.2      0.007    10k   
n_41                   1         1     8.2      0.007    10k   
n_42                   1         1     8.2      0.007    10k   
n_43                   1         1     8.2      0.007    10k   
n_44                   4         1    32.7      0.028    10k   
n_45                   5         1    40.8      0.035    10k   
n_46                   2         1    16.3      0.014    10k   
n_47                   2         1    16.3      0.014    10k   
n_48                   3         1    24.5      0.021    10k   
n_49                   1         1     8.2      0.007    10k   
n_50                   2         1    16.3      0.014    10k   
n_51                   2         1    16.3      0.014    10k   
n_52                   2         1    16.3      0.014    10k   
n_53                   2         1    16.3      0.014    10k   
n_54                   1         1     8.2      0.007    10k   
n_55                   1         1     8.2      0.007    10k   
n_56                   1         1     8.2      0.007    10k   
n_57                   1         1     8.2      0.007    10k   
n_59                   2         1    16.3      0.014    10k   
n_60                   2         1    16.3      0.014    10k   
n_61                   4         1    32.7      0.028    10k   
n_62                   3         1    24.5      0.021    10k   
n_63                   1         1     8.2      0.007    10k   
n_64                   3         1    24.5      0.021    10k   
n_65                   1         1     8.2      0.007    10k   
n_66                   4         1    32.7      0.028    10k   
n_67                   1         1     8.2      0.007    10k   
n_68                   4         1    32.7      0.028    10k   
n_69                   1         1     8.2      0.007    10k   
n_70                   2         1    16.3      0.014    10k   
n_71                   1         1     8.2      0.007    10k   
n_72                   1         1     8.2      0.007    10k   
n_73                   7         1    57.2      0.049    10k   
n_74                   7         1    57.2      0.049    10k   
n_75                   7         1    57.2      0.049    10k   
n_76                   7         1    57.2      0.049    10k   
n_77                   7         1    57.2      0.049    10k   
n_78                   7         1    57.2      0.049    10k   
n_79                   7         1    57.2      0.049    10k   
n_80                   7         1    57.2      0.049    10k   
n_81                   7         1    57.2      0.049    10k   
n_82                   7         1    57.2      0.049    10k   
n_83                   7         1    57.2      0.049    10k   
n_84                   7         1    57.2      0.049    10k   
n_85                   1         1     8.2      0.007    10k   
n_86                   7         1    57.2      0.049    10k   
n_87                   7         1    57.2      0.049    10k   
n_88                   7         1    57.2      0.049    10k   
n_89                   1         1     8.2      0.007    10k   
n_90                   1         1     8.2      0.007    10k   
n_91                   1         1     8.2      0.007    10k   
n_92                   2         1    16.3      0.014    10k   
n_93                   2         1    16.3      0.014    10k   
n_94                   4         1    32.7      0.028    10k   
n_95                   6         1    49.0      0.042    10k   
n_96                   9         1    73.5      0.063    10k   
n_97                   1         1     8.2      0.007    10k   
n_98                   1         1     8.2      0.007    10k   
n_99                   1         1     8.2      0.007    10k   
n_100                  1         1     8.2      0.007    10k   
n_101                  1         1     8.2      0.007    10k   
n_102                  1         1     8.2      0.007    10k   
n_103                  1         1     8.2      0.007    10k   
n_104                  1         1     8.2      0.007    10k   
n_105                  1         1     8.2      0.007    10k   
n_106                  1         1     8.2      0.007    10k   
n_107                  1         1     8.2      0.007    10k   
n_108                  1         1     8.2      0.007    10k   
n_109                  1         1     8.2      0.007    10k   
n_110                  1         1     8.2      0.007    10k   
n_111                  1         1     8.2      0.007    10k   
n_112                  1         1     8.2      0.007    10k   
n_113                  1         1     8.2      0.007    10k   
n_114                  1         1     8.2      0.007    10k   
n_115                  1         1     8.2      0.007    10k   
n_116                  1         1     8.2      0.007    10k   
n_117                  1         1     8.2      0.007    10k   
n_118                  1         1     8.2      0.007    10k   
n_119                  1         1     8.2      0.007    10k   
n_120                  1         1     8.2      0.007    10k   
n_121                  1         1     8.2      0.007    10k   
n_122                  1         1     8.2      0.007    10k   
n_123                  1         1     8.2      0.007    10k   
n_124                  1         1     8.2      0.007    10k   
n_125                  1         1     8.2      0.007    10k   
n_126                  1         1     8.2      0.007    10k   
n_127                  1         1     8.2      0.007    10k   
n_128                  1         1     8.2      0.007    10k   
n_129                  1         1     8.2      0.007    10k   
n_130                  1         1     8.2      0.007    10k   
n_131                  1         1     8.2      0.007    10k   
n_132                  1         1     8.2      0.007    10k   
n_133                  1         1     8.2      0.007    10k   
n_134                  1         1     8.2      0.007    10k   
n_135                  1         1     8.2      0.007    10k   
n_136                  1         1     8.2      0.007    10k   
n_137                  1         1     8.2      0.007    10k   
n_138                  1         1     8.2      0.007    10k   
n_139                  1         1     8.2      0.007    10k   
n_140                  1         1     8.2      0.007    10k   
n_141                  1         1     8.2      0.007    10k   
n_142                  1         1     8.2      0.007    10k   
n_143                  1         1     8.2      0.007    10k   
n_144                  1         1     8.2      0.007    10k   
n_145                  1         1     8.2      0.007    10k   
n_146                  1         1     8.2      0.007    10k   
n_147                  1         1     8.2      0.007    10k   
n_148                  1         1     8.2      0.007    10k   
n_149                  1         1     8.2      0.007    10k   
n_150                  1         1     8.2      0.007    10k   
n_151                  1         1     8.2      0.007    10k   
n_152                  1         1     8.2      0.007    10k   
n_153                  1         1     8.2      0.007    10k   
n_154                  1         1     8.2      0.007    10k   
n_155                  1         1     8.2      0.007    10k   
n_156                  1         1     8.2      0.007    10k   
n_157                  1         1     8.2      0.007    10k   
n_158                  1         1     8.2      0.007    10k   
n_159                  1         1     8.2      0.007    10k   
n_160                  2         1    16.3      0.014    10k   
n_161                  1         1     8.2      0.007    10k   
n_162                  1         1     8.2      0.007    10k   
n_163                  1         1     8.2      0.007    10k   
n_164                  1         1     8.2      0.007    10k   
n_165                  1         1     8.2      0.007    10k   
n_166                  1         1     8.2      0.007    10k   
n_167                  3         1    24.5      0.021    10k   
n_168                  1         1     8.2      0.007    10k   
n_169                  4         1    32.7      0.028    10k   
n_170                  1         1     8.2      0.007    10k   
n_171                  3         1    24.5      0.021    10k   
n_172                  1         1     8.2      0.007    10k   
n_173                  1         1     8.2      0.007    10k   
n_174                  1         1     8.2      0.007    10k   
n_175                  1         1     8.2      0.007    10k   
n_176                  7         1    57.2      0.049    10k   
n_177                  7         1    57.2      0.049    10k   
n_178                  7         1    57.2      0.049    10k   
n_179                  7         1    57.2      0.049    10k   
n_180                  7         1    57.2      0.049    10k   
n_181                  7         1    57.2      0.049    10k   
n_182                  7         1    57.2      0.049    10k   
n_183                  4         1    32.7      0.028    10k   
n_184                  7         1    57.2      0.049    10k   
n_185                  3         1    24.5      0.021    10k   
n_186                  1         1     8.2      0.007    10k   
n_187                  1         1     8.2      0.007    10k   
n_188                  1         1     8.2      0.007    10k   
n_189                  7         1    57.2      0.049    10k   
n_190                  7         1    57.2      0.049    10k   
n_191                  7         1    57.2      0.049    10k   
n_192                  7         1    57.2      0.049    10k   
n_193                  7         1    57.2      0.049    10k   
n_194                  7         1    57.2      0.049    10k   
n_195                  7         1    57.2      0.049    10k   
n_196                  1         1     8.2      0.007    10k   
n_197                  1         1     8.2      0.007    10k   
n_198                  1         1     8.2      0.007    10k   
n_199                  1         1     8.2      0.007    10k   
n_200                  1         1     8.2      0.007    10k   
n_201                  1         1     8.2      0.007    10k   
n_202                  1         1     8.2      0.007    10k   
n_203                  1         1     8.2      0.007    10k   
n_204                  1         1     8.2      0.007    10k   
n_205                  1         1     8.2      0.007    10k   
n_206                  1         1     8.2      0.007    10k   
n_207                  1         1     8.2      0.007    10k   
n_208                  1         1     8.2      0.007    10k   
n_209                  1         1     8.2      0.007    10k   
data_in[6]            15         1     0.0      0.000    10k   
data_in[5]            15         1     0.0      0.000    10k   
data_in[4]            15         1     0.0      0.000    10k   
data_in[3]            15         1     0.0      0.000    10k   
data_in[2]            15         1     0.0      0.000    10k   
data_in[1]            15         1     0.0      0.000    10k   
data_in[0]            15         1     0.0      0.000    10k   
n_reset               35         1     0.0      0.000    10k   
n_218                  1         1                       10k   
spi_mosi_out           1         1     0.0      0.000    10k   
data_av                1         1     0.0      0.000    10k   
m_clk                118         1     0.0      0.000    10k   
n_223                  1         1     8.2      0.007    10k   
n_224                  1         1     8.2      0.007    10k   
