============================================================
  Generated by:           Encounter(R) RTL Compiler v11.20-s017_1
  Generated on:           Jul 18 2016  05:07:29 pm
  Module:                 spi_final
  Technology libraries:   c35_CORELIB_TYP 3.02
                          c35_IOLIB_TYP revision 1.0
  Operating conditions:   typical (balanced_tree)
  Wireload mode:          enclosed
  Area mode:              timing library
============================================================

        Pin             Type     Fanout  Load Slew Delay Arrival   
                                         (fF) (ps)  (ps)   (ps)    
-------------------------------------------------------------------
(clock m_clk)           launch                                 0 R 
I1_w_pointer_reg[2]/C                            0             0 R 
I1_w_pointer_reg[2]/Q   DFC3          3  62.5  280  +753     753 F 
g5748/B                                               +0     754   
g5748/Q                 NAND22        5  90.8  750  +365    1118 R 
g5737/B                                               +0    1118   
g5737/Q                 NOR21         2  41.3  468  +276    1394 F 
g5736/A                                               +0    1394   
g5736/Q                 INV3          2  46.3  341  +191    1585 R 
g5706/B                                               +0    1585   
g5706/Q                 OAI212        2  36.3  298  +119    1704 F 
g5673/B                                               +0    1705   
g5673/Q                 NOR31         1  22.2  599  +246    1951 R 
g5672/A                                               +0    1951   
g5672/Q                 CLKIN3        2  37.3  258  +127    2078 F 
g5594/B                                               +0    2078   
g5594/Q                 NOR31         3  64.5 1010  +460    2538 R 
g5570/B                                               +0    2538   
g5570/Q                 NAND22        4  68.7  415  +140    2678 F 
g5550/A                                               +0    2678   
g5550/Q                 NOR21         7 113.2 1553  +693    3371 R 
I1_ex_mem_reg[6][6]/E   DFE1                          +0    3371   
I1_ex_mem_reg[6][6]/C   setup                    0  +229    3600 R 
- - - - - - - - - - - - - - - - - - - - - - - - - - - - - - - - - -
(clock m_clk)           capture                            50000 R 
-------------------------------------------------------------------
Timing slack :   46400ps 
Start-point  : I1_w_pointer_reg[2]/C
End-point    : I1_ex_mem_reg[6][6]/E
