#! c:/iverilog-x86/bin/vvp
:ivl_version "10.0 (stable)" "(v10_0)";
:ivl_delay_selection "TYPICAL";
:vpi_time_precision - 12;
:vpi_module "system";
:vpi_module "vhdl_sys";
:vpi_module "v2005_math";
:vpi_module "va_math";
S_027d1488 .scope module, "final_spi" "final_spi" 2 7;
 .timescale -9 -12;
    .port_info 0 /OUTPUT 120 "Data_out"
    .port_info 1 /OUTPUT 1 "spi_clk"
    .port_info 2 /OUTPUT 1 "spi_cs"
    .port_info 3 /OUTPUT 1 "spi_mosi"
    .port_info 4 /INPUT 1 "Mclk"
    .port_info 5 /INPUT 1 "nReset"
    .port_info 6 /INPUT 1 "Data_available"
    .port_info 7 /INPUT 1 "Read_request"
    .port_info 8 /INPUT 1 "spi_miso"
    .port_info 9 /INPUT 8 "Data_in"
o027d52cc .functor BUFZ 1, C4<z>; HiZ drive
v028094e8_0 .net "Data_available", 0 0, o027d52cc;  0 drivers
o027d54f4 .functor BUFZ 8, C4<zzzzzzzz>; HiZ drive
v02809280_0 .net "Data_in", 7 0, o027d54f4;  0 drivers
v02809330_0 .net "Data_out", 119 0, v0279b458_0;  1 drivers
o027d53ec .functor BUFZ 1, C4<z>; HiZ drive
v028092d8_0 .net "Mclk", 0 0, o027d53ec;  0 drivers
o027d532c .functor BUFZ 1, C4<z>; HiZ drive
v02809540_0 .net "Read_request", 0 0, o027d532c;  0 drivers
v02809438_0 .net "add_byte", 7 0, v027ce248_0;  1 drivers
v02809490_0 .net "data_av", 0 0, v027ce4b0_0;  1 drivers
o027d52e4 .functor BUFZ 1, C4<z>; HiZ drive
v02809388_0 .net "m_clk", 0 0, o027d52e4;  0 drivers
o027d52fc .functor BUFZ 1, C4<z>; HiZ drive
v028093e0_0 .net "nReset", 0 0, o027d52fc;  0 drivers
v02809598_0 .net "read_req", 0 0, v027ce3a8_0;  1 drivers
o027d5be4 .functor BUFZ 1, C4<z>; HiZ drive
v028095f0_0 .net "spi_clk", 0 0, o027d5be4;  0 drivers
o027d5bfc .functor BUFZ 1, C4<z>; HiZ drive
v02809648_0 .net "spi_cs", 0 0, o027d5bfc;  0 drivers
o027d5a64 .functor BUFZ 1, C4<z>; HiZ drive
v028096a0_0 .net "spi_miso", 0 0, o027d5a64;  0 drivers
RS_027d5644 .resolv tri, v027cdcc8_0, v02808e60_0;
v02809228_0 .net8 "spi_mosi", 0 0, RS_027d5644;  2 drivers
S_027b9478 .scope module, "C" "control_unit" 2 26, 3 3 0, S_027d1488;
 .timescale -9 -12;
    .port_info 0 /OUTPUT 1 "data_av"
    .port_info 1 /OUTPUT 1 "read_req"
    .port_info 2 /OUTPUT 8 "add_byte"
    .port_info 3 /INPUT 1 "read_request"
    .port_info 4 /INPUT 1 "data_available"
    .port_info 5 /INPUT 1 "m_clk"
    .port_info 6 /INPUT 1 "n_reset"
v027ce248_0 .var "add_byte", 0 7;
v027ce4b0_0 .var "data_av", 0 0;
v027ce1f0_0 .net "data_available", 0 0, o027d52cc;  alias, 0 drivers
v027ce560_0 .net "m_clk", 0 0, o027d52e4;  alias, 0 drivers
v027ce5b8_0 .net "n_reset", 0 0, o027d52fc;  alias, 0 drivers
v027ce3a8_0 .var "read_req", 0 0;
v027ce2a0_0 .net "read_request", 0 0, o027d532c;  alias, 0 drivers
E_027cd000/0 .event negedge, v027ce5b8_0;
E_027cd000/1 .event posedge, v027ce560_0;
E_027cd000 .event/or E_027cd000/0, E_027cd000/1;
S_027b9548 .scope module, "I" "spi_final" 2 28, 4 7 0, S_027d1488;
 .timescale -9 -12;
    .port_info 0 /OUTPUT 1 "spi_mosi_out"
    .port_info 1 /INPUT 1 "m_clk"
    .port_info 2 /INPUT 1 "n_reset"
    .port_info 3 /INPUT 8 "data_in"
    .port_info 4 /INPUT 1 "data_av"
    .port_info 5 /INPUT 8 "add_byte"
v027cdd20_0 .net "add_byte", 7 0, v027ce248_0;  alias, 1 drivers
v027cddd0_0 .net "control_clk", 0 0, v027cdbc0_0;  1 drivers
v027cde80_0 .net "data_av", 0 0, v027ce4b0_0;  alias, 1 drivers
v027ce090_0 .net "data_in", 7 0, o027d54f4;  alias, 0 drivers
v027cdfe0_0 .net "m_clk", 0 0, o027d53ec;  alias, 0 drivers
v027cded8_0 .net "n_reset", 0 0, o027d52fc;  alias, 0 drivers
o027d562c .functor BUFZ 1, C4<z>; HiZ drive
v027ce038_0 .net "spi_clk", 0 0, o027d562c;  0 drivers
v027ce0e8_0 .net "spi_cs", 0 0, v027ce198_0;  1 drivers
v027ce140_0 .net "spi_mosi_in", 7 0, v027ce668_0;  1 drivers
v027cd748_0 .net8 "spi_mosi_out", 0 0, RS_027d5644;  alias, 2 drivers
S_027bf560 .scope module, "I1" "asy_fifo_input" 4 30, 5 2 0, S_027b9548;
 .timescale -9 -12;
    .port_info 0 /OUTPUT 8 "data_to_mosi"
    .port_info 1 /OUTPUT 1 "spi_cs"
    .port_info 2 /INPUT 8 "wdata"
    .port_info 3 /INPUT 1 "clk"
    .port_info 4 /INPUT 1 "rst"
    .port_info 5 /INPUT 1 "data_av"
    .port_info 6 /INPUT 1 "control_clk"
P_0279a0b0 .param/l "ASIZE" 0 5 5, +C4<00000000000000000000000000000100>;
P_0279a0d0 .param/l "DSIZE" 0 5 4, +C4<00000000000000000000000000001000>;
P_0279a0f0 .param/l "MEMDEPTH" 0 5 3, +C4<00000000000000000000000000011110>;
v027ce610_0 .net "clk", 0 0, o027d53ec;  alias, 0 drivers
v027ce2f8_0 .net "control_clk", 0 0, v027cdbc0_0;  alias, 1 drivers
v027ce350_0 .net "data_av", 0 0, v027ce4b0_0;  alias, 1 drivers
v027ce400_0 .var "data_en", 0 0;
v027ce668_0 .var "data_to_mosi", 7 0;
v027cdf88 .array "ex_mem", 0 29, 7 0;
v027cdc70_0 .var "r_empty", 0 0;
v027cde28_0 .var "r_pointer", 3 0;
v027cdf30_0 .var "rdata", 7 0;
v027cd7f8_0 .var "rinc", 0 0;
v027cd6f0_0 .net "rst", 0 0, o027d52fc;  alias, 0 drivers
v027ce198_0 .var "spi_cs", 0 0;
v027cd850_0 .var "w_full", 0 0;
v027cd9b0_0 .var "w_pointer", 3 0;
v027cda60_0 .net "wdata", 7 0, o027d54f4;  alias, 0 drivers
v027cd8a8_0 .var "winc", 0 0;
E_027ccce0/0 .event negedge, v027ce5b8_0;
E_027ccce0/1 .event posedge, v027ce2f8_0;
E_027ccce0 .event/or E_027ccce0/0, E_027ccce0/1;
E_027ccd08/0 .event negedge, v027ce5b8_0;
E_027ccd08/1 .event posedge, v027ce610_0;
E_027ccd08 .event/or E_027ccd08/0, E_027ccd08/1;
E_027cd3e8/0 .event negedge, v027ce5b8_0;
E_027cd3e8/1 .event posedge, v027ce4b0_0;
E_027cd3e8 .event/or E_027cd3e8/0, E_027cd3e8/1;
S_027bf630 .scope module, "I2" "spi_mosi" 4 32, 6 2 0, S_027b9548;
 .timescale -9 -12;
    .port_info 0 /OUTPUT 1 "control_clk"
    .port_info 1 /OUTPUT 1 "spi_mosi_out"
    .port_info 2 /INPUT 1 "spi_cs"
    .port_info 3 /INPUT 1 "spi_clk"
    .port_info 4 /INPUT 1 "n_reset"
    .port_info 5 /INPUT 8 "spi_mosi_in"
    .port_info 6 /INPUT 8 "add_byte"
P_027ccc18 .param/l "DSIZE" 0 6 4, +C4<00000000000000000000000000001000>;
v027cd900_0 .net "add_byte", 7 0, v027ce248_0;  alias, 1 drivers
v027cdab8_0 .var "control", 2 0;
v027cdbc0_0 .var "control_clk", 0 0;
v027cdb10_0 .var "data", 7 0;
v027cd958_0 .net "n_reset", 0 0, o027d52fc;  alias, 0 drivers
v027cd7a0_0 .var "point", 2 0;
v027cdc18_0 .var "point_add", 3 0;
v027cda08_0 .net "spi_clk", 0 0, o027d562c;  alias, 0 drivers
v027cdb68_0 .net "spi_cs", 0 0, v027ce198_0;  alias, 1 drivers
v027cdd78_0 .net "spi_mosi_in", 7 0, v027ce668_0;  alias, 1 drivers
v027cdcc8_0 .var "spi_mosi_out", 0 0;
E_027cd488/0 .event negedge, v027ce5b8_0;
E_027cd488/1 .event posedge, v027cda08_0;
E_027cd488 .event/or E_027cd488/0, E_027cd488/1;
S_027ac888 .scope module, "O" "spi_final_O" 2 30, 7 6 0, S_027d1488;
 .timescale -9 -12;
    .port_info 0 /OUTPUT 120 "data_out"
    .port_info 1 /OUTPUT 1 "spi_mosi_out"
    .port_info 2 /INPUT 1 "spi_miso_in"
    .port_info 3 /INPUT 1 "read_req"
    .port_info 4 /INPUT 1 "m_clk"
    .port_info 5 /INPUT 1 "n_reset"
    .port_info 6 /INPUT 8 "add_byte"
v02808888_0 .net "add_byte", 7 0, v027ce248_0;  alias, 1 drivers
v028089e8_0 .net "control_clk_miso", 0 0, v028087d8_0;  1 drivers
v02808a40_0 .net "data_out", 119 0, v0279b458_0;  alias, 1 drivers
v02808af0_0 .net "m_clk", 0 0, o027d53ec;  alias, 0 drivers
v02808b48_0 .net "n_reset", 0 0, o027d52fc;  alias, 0 drivers
v02808ba0_0 .net "read_req", 0 0, v027ce3a8_0;  alias, 1 drivers
v02808bf8_0 .net "spi_clk", 0 0, v0279b4b0_0;  1 drivers
v02808c50_0 .net "spi_cs", 0 0, v028088e0_0;  1 drivers
v02808db0_0 .net "spi_miso_in", 0 0, o027d5a64;  alias, 0 drivers
v02808e08_0 .net "spi_miso_out", 7 0, v02808990_0;  1 drivers
v02808fc0_0 .net8 "spi_mosi_out", 0 0, RS_027d5644;  alias, 2 drivers
S_027ac958 .scope module, "A" "clk_div" 7 28, 8 2 0, S_027ac888;
 .timescale -9 -12;
    .port_info 0 /OUTPUT 1 "spi_clk"
    .port_info 1 /INPUT 1 "m_clk"
    .port_info 2 /INPUT 1 "spi_cs"
    .port_info 3 /INPUT 1 "nrst"
v0279b2a0_0 .var "counter", 0 3;
v0279b770_0 .net "m_clk", 0 0, o027d53ec;  alias, 0 drivers
v0279b2f8_0 .net "nrst", 0 0, o027d52fc;  alias, 0 drivers
v0279b4b0_0 .var "spi_clk", 0 0;
v0279b7c8_0 .net "spi_cs", 0 0, v028088e0_0;  alias, 1 drivers
S_027c6f30 .scope module, "O1" "asy_fifo_output" 7 43, 9 2 0, S_027ac888;
 .timescale -9 -12;
    .port_info 0 /OUTPUT 120 "data_out"
    .port_info 1 /OUTPUT 1 "spi_cs"
    .port_info 2 /INPUT 8 "wdata"
    .port_info 3 /INPUT 1 "clk"
    .port_info 4 /INPUT 1 "control_clk_miso"
    .port_info 5 /INPUT 1 "rst"
    .port_info 6 /INPUT 1 "read_req"
P_027c7000 .param/l "ASIZE" 0 9 5, +C4<00000000000000000000000000000100>;
P_027c7020 .param/l "DSIZE" 0 9 4, +C4<00000000000000000000000000001000>;
P_027c7040 .param/l "MEMDEPTH" 0 9 3, +C4<00000000000000000000000000011110>;
v0279b9d8_0 .net "clk", 0 0, o027d53ec;  alias, 0 drivers
v0279b6c0_0 .net "control_clk_miso", 0 0, v028087d8_0;  alias, 1 drivers
v0279b458_0 .var "data_out", 119 0;
v0279b878 .array "ex_mem", 0 29, 7 0;
v0279b350_0 .var "r_empty", 0 0;
v0279b980_0 .var "r_pointer", 3 0;
v0279b718_0 .var "rdata", 7 0;
v0279b3a8_0 .var "read_en", 0 0;
v028090c8_0 .net "read_req", 0 0, v027ce3a8_0;  alias, 1 drivers
v02809120_0 .var "rinc", 0 0;
v02808728_0 .net "rst", 0 0, o027d52fc;  alias, 0 drivers
v028088e0_0 .var "spi_cs", 0 0;
v028091d0_0 .var "w_full", 0 0;
v02808ca8_0 .var "w_pointer", 3 0;
v02808d00_0 .net "wdata", 7 0, v02808990_0;  alias, 1 drivers
v02809178_0 .var "winc", 0 0;
E_027cd460/0 .event negedge, v027ce5b8_0;
E_027cd460/1 .event posedge, v0279b6c0_0;
E_027cd460 .event/or E_027cd460/0, E_027cd460/1;
E_027cd1b8/0 .event negedge, v027ce5b8_0;
E_027cd1b8/1 .event posedge, v027ce3a8_0;
E_027cd1b8 .event/or E_027cd1b8/0, E_027cd1b8/1;
S_027c1920 .scope module, "O2" "spi_miso" 7 41, 10 2 0, S_027ac888;
 .timescale -9 -12;
    .port_info 0 /OUTPUT 1 "control_clk_miso"
    .port_info 1 /OUTPUT 1 "spi_mosi_out"
    .port_info 2 /OUTPUT 8 "spi_miso_out"
    .port_info 3 /INPUT 1 "spi_cs"
    .port_info 4 /INPUT 1 "spi_clk"
    .port_info 5 /INPUT 1 "spi_miso_in"
    .port_info 6 /INPUT 1 "n_reset"
    .port_info 7 /INPUT 8 "add_byte"
P_027cd258 .param/l "DSIZE" 0 10 4, +C4<00000000000000000000000000001000>;
v02808eb8_0 .net "add_byte", 7 0, v027ce248_0;  alias, 1 drivers
v02809018_0 .var "control", 2 0;
v028087d8_0 .var "control_clk_miso", 0 0;
v02808d58_0 .var "data", 7 0;
v02808f10_0 .var "final_data", 7 0;
v02808a98_0 .net "n_reset", 0 0, o027d52fc;  alias, 0 drivers
v02809070_0 .var "point", 2 0;
v02808780_0 .var "point_add", 2 0;
v02808830_0 .net "spi_clk", 0 0, v0279b4b0_0;  alias, 1 drivers
v02808938_0 .net "spi_cs", 0 0, v028088e0_0;  alias, 1 drivers
v02808f68_0 .net "spi_miso_in", 0 0, o027d5a64;  alias, 0 drivers
v02808990_0 .var "spi_miso_out", 7 0;
v02808e60_0 .var "spi_mosi_out", 0 0;
E_027cd348/0 .event negedge, v027ce5b8_0;
E_027cd348/1 .event posedge, v0279b4b0_0;
E_027cd348 .event/or E_027cd348/0, E_027cd348/1;
    .scope S_027b9478;
T_0 ;
    %wait E_027cd000;
    %load/vec4 v027ce5b8_0;
    %nor/r;
    %flag_set/vec4 8;
    %jmp/0xz  T_0.0, 8;
    %pushi/vec4 1, 0, 1;
    %assign/vec4 v027ce4b0_0, 0;
    %pushi/vec4 0, 0, 1;
    %assign/vec4 v027ce3a8_0, 0;
    %pushi/vec4 0, 0, 8;
    %assign/vec4 v027ce248_0, 0;
    %jmp T_0.1;
T_0.0 ;
    %load/vec4 v027ce1f0_0;
    %load/vec4 v027ce2a0_0;
    %nor/r;
    %and;
    %flag_set/vec4 8;
    %load/vec4 v027ce1f0_0;
    %nor/r;
    %load/vec4 v027ce2a0_0;
    %and;
    %flag_set/vec4 9;
    %flag_or 9, 8;
    %jmp/0xz  T_0.2, 9;
    %pushi/vec4 1, 0, 1;
    %assign/vec4 v027ce4b0_0, 0;
    %pushi/vec4 0, 0, 1;
    %assign/vec4 v027ce3a8_0, 0;
    %pushi/vec4 0, 0, 8;
    %assign/vec4 v027ce248_0, 0;
    %jmp T_0.3;
T_0.2 ;
    %load/vec4 v027ce1f0_0;
    %nor/r;
    %load/vec4 v027ce2a0_0;
    %nor/r;
    %and;
    %flag_set/vec4 8;
    %jmp/0xz  T_0.4, 8;
    %load/vec4 v027ce1f0_0;
    %assign/vec4 v027ce4b0_0, 0;
    %pushi/vec4 1, 0, 1;
    %ix/load 4, 0, 0;
    %ix/load 5, 0, 0;
    %flag_set/imm 4, 0;
    %assign/vec4/off/d v027ce248_0, 4, 5;
    %pushi/vec4 45, 0, 7;
    %ix/load 4, 0, 0;
    %ix/load 5, 0, 0;
    %flag_set/imm 4, 0;
    %assign/vec4/off/d v027ce248_0, 4, 5;
    %jmp T_0.5;
T_0.4 ;
    %load/vec4 v027ce1f0_0;
    %load/vec4 v027ce2a0_0;
    %and;
    %flag_set/vec4 8;
    %jmp/0xz  T_0.6, 8;
    %load/vec4 v027ce2a0_0;
    %assign/vec4 v027ce3a8_0, 0;
    %pushi/vec4 0, 0, 1;
    %ix/load 4, 7, 0;
    %ix/load 5, 0, 0;
    %flag_set/imm 4, 0;
    %assign/vec4/off/d v027ce248_0, 4, 5;
    %pushi/vec4 45, 0, 7;
    %ix/load 4, 0, 0;
    %ix/load 5, 0, 0;
    %flag_set/imm 4, 0;
    %assign/vec4/off/d v027ce248_0, 4, 5;
T_0.6 ;
T_0.5 ;
T_0.3 ;
T_0.1 ;
    %jmp T_0;
    .thread T_0;
    .scope S_027bf560;
T_1 ;
    %wait E_027cd3e8;
    %load/vec4 v027cd6f0_0;
    %nor/r;
    %flag_set/vec4 8;
    %jmp/0xz  T_1.0, 8;
    %pushi/vec4 0, 0, 1;
    %assign/vec4 v027ce400_0, 0;
    %jmp T_1.1;
T_1.0 ;
    %load/vec4 v027cd850_0;
    %pad/u 32;
    %cmpi/e 0, 0, 32;
    %flag_mov 8, 4;
    %load/vec4 v027cdc70_0;
    %pad/u 32;
    %cmpi/e 1, 0, 32;
    %flag_or 4, 8;
    %jmp/0xz  T_1.2, 4;
    %pushi/vec4 1, 0, 1;
    %assign/vec4 v027ce400_0, 0;
    %jmp T_1.3;
T_1.2 ;
    %pushi/vec4 0, 0, 1;
    %assign/vec4 v027ce400_0, 0;
T_1.3 ;
T_1.1 ;
    %jmp T_1;
    .thread T_1;
    .scope S_027bf560;
T_2 ;
    %wait E_027ccd08;
    %load/vec4 v027cd6f0_0;
    %nor/r;
    %flag_set/vec4 8;
    %jmp/0xz  T_2.0, 8;
    %pushi/vec4 0, 0, 1;
    %assign/vec4 v027ce198_0, 0;
    %jmp T_2.1;
T_2.0 ;
    %load/vec4 v027cd850_0;
    %pad/u 32;
    %cmpi/e 1, 0, 32;
    %flag_mov 8, 4;
    %load/vec4 v027cdc70_0;
    %pad/u 32;
    %cmpi/e 1, 0, 32;
    %flag_or 4, 8;
    %jmp/0xz  T_2.2, 4;
    %pushi/vec4 0, 0, 1;
    %assign/vec4 v027ce198_0, 0;
    %jmp T_2.3;
T_2.2 ;
    %pushi/vec4 1, 0, 1;
    %assign/vec4 v027ce198_0, 0;
T_2.3 ;
T_2.1 ;
    %jmp T_2;
    .thread T_2;
    .scope S_027bf560;
T_3 ;
    %wait E_027ccd08;
    %load/vec4 v027cd6f0_0;
    %nor/r;
    %flag_set/vec4 8;
    %jmp/0xz  T_3.0, 8;
    %pushi/vec4 0, 0, 1;
    %assign/vec4 v027cd8a8_0, 0;
    %pushi/vec4 0, 0, 1;
    %assign/vec4 v027cd7f8_0, 0;
    %jmp T_3.1;
T_3.0 ;
    %load/vec4 v027ce400_0;
    %pad/u 32;
    %pushi/vec4 1, 0, 32;
    %cmp/e;
    %flag_get/vec4 4;
    %load/vec4 v027cd850_0;
    %pad/u 32;
    %pushi/vec4 0, 0, 32;
    %cmp/e;
    %flag_get/vec4 4;
    %and;
    %flag_set/vec4 8;
    %jmp/0xz  T_3.2, 8;
    %pushi/vec4 1, 0, 1;
    %assign/vec4 v027cd8a8_0, 0;
    %pushi/vec4 0, 0, 1;
    %assign/vec4 v027cd7f8_0, 0;
    %jmp T_3.3;
T_3.2 ;
    %load/vec4 v027cd850_0;
    %pad/u 32;
    %cmpi/e 1, 0, 32;
    %jmp/0xz  T_3.4, 4;
    %pushi/vec4 0, 0, 1;
    %assign/vec4 v027cd8a8_0, 0;
    %pushi/vec4 1, 0, 1;
    %assign/vec4 v027cd7f8_0, 0;
    %jmp T_3.5;
T_3.4 ;
    %pushi/vec4 0, 0, 1;
    %assign/vec4 v027cd8a8_0, 0;
    %pushi/vec4 0, 0, 1;
    %assign/vec4 v027cd7f8_0, 0;
T_3.5 ;
T_3.3 ;
T_3.1 ;
    %jmp T_3;
    .thread T_3;
    .scope S_027bf560;
T_4 ;
    %wait E_027ccd08;
    %load/vec4 v027cd6f0_0;
    %nor/r;
    %flag_set/vec4 8;
    %jmp/0xz  T_4.0, 8;
    %pushi/vec4 0, 0, 4;
    %assign/vec4 v027cd9b0_0, 0;
    %pushi/vec4 0, 0, 1;
    %assign/vec4 v027cd850_0, 0;
    %jmp T_4.1;
T_4.0 ;
    %load/vec4 v027cdc70_0;
    %pad/u 32;
    %pushi/vec4 1, 0, 32;
    %cmp/e;
    %flag_get/vec4 4;
    %load/vec4 v027ce400_0;
    %pad/u 32;
    %pushi/vec4 0, 0, 32;
    %cmp/e;
    %flag_get/vec4 4;
    %and;
    %flag_set/vec4 8;
    %jmp/0xz  T_4.2, 8;
    %pushi/vec4 0, 0, 1;
    %assign/vec4 v027cd850_0, 0;
    %jmp T_4.3;
T_4.2 ;
    %load/vec4 v027cd8a8_0;
    %pad/u 32;
    %pushi/vec4 1, 0, 32;
    %cmp/e;
    %flag_get/vec4 4;
    %load/vec4 v027cd9b0_0;
    %pushi/vec4 15, 0, 4;
    %cmp/e;
    %flag_get/vec4 4;
    %and;
    %flag_set/vec4 8;
    %jmp/0xz  T_4.4, 8;
    %pushi/vec4 1, 0, 1;
    %assign/vec4 v027cd850_0, 0;
    %pushi/vec4 0, 0, 4;
    %assign/vec4 v027cd9b0_0, 0;
    %jmp T_4.5;
T_4.4 ;
    %load/vec4 v027cd8a8_0;
    %pad/u 32;
    %pushi/vec4 1, 0, 32;
    %cmp/e;
    %flag_get/vec4 4;
    %load/vec4 v027cd850_0;
    %nor/r;
    %and;
    %flag_set/vec4 8;
    %jmp/0xz  T_4.6, 8;
    %load/vec4 v027cd9b0_0;
    %addi 1, 0, 4;
    %assign/vec4 v027cd9b0_0, 0;
    %load/vec4 v027cda60_0;
    %load/vec4 v027cd9b0_0;
    %pad/u 6;
    %ix/vec4 3;
    %ix/load 4, 0, 0; Constant delay
    %assign/vec4/a/d v027cdf88, 0, 4;
T_4.6 ;
T_4.5 ;
T_4.3 ;
T_4.1 ;
    %jmp T_4;
    .thread T_4;
    .scope S_027bf560;
T_5 ;
    %wait E_027ccce0;
    %load/vec4 v027cd6f0_0;
    %nor/r;
    %flag_set/vec4 8;
    %jmp/0xz  T_5.0, 8;
    %pushi/vec4 0, 0, 4;
    %assign/vec4 v027cde28_0, 0;
    %pushi/vec4 1, 0, 1;
    %assign/vec4 v027cdc70_0, 0;
    %pushi/vec4 0, 0, 8;
    %assign/vec4 v027cdf30_0, 0;
    %pushi/vec4 0, 0, 8;
    %assign/vec4 v027ce668_0, 0;
    %jmp T_5.1;
T_5.0 ;
    %load/vec4 v027cd7f8_0;
    %pad/u 32;
    %pushi/vec4 1, 0, 32;
    %cmp/e;
    %flag_get/vec4 4;
    %load/vec4 v027cde28_0;
    %pushi/vec4 15, 0, 4;
    %cmp/e;
    %flag_get/vec4 4;
    %and;
    %flag_set/vec4 8;
    %jmp/0xz  T_5.2, 8;
    %pushi/vec4 1, 0, 1;
    %assign/vec4 v027cdc70_0, 0;
    %pushi/vec4 0, 0, 4;
    %assign/vec4 v027cde28_0, 0;
    %jmp T_5.3;
T_5.2 ;
    %load/vec4 v027cd7f8_0;
    %pad/u 32;
    %pushi/vec4 1, 0, 32;
    %cmp/e;
    %flag_get/vec4 4;
    %load/vec4 v027cdc70_0;
    %nor/r;
    %and;
    %flag_set/vec4 8;
    %jmp/0xz  T_5.4, 8;
    %load/vec4 v027cde28_0;
    %addi 1, 0, 4;
    %assign/vec4 v027cde28_0, 0;
    %load/vec4 v027cde28_0;
    %pad/u 6;
    %ix/vec4 4;
    %load/vec4a v027cdf88, 4;
    %assign/vec4 v027cdf30_0, 0;
    %load/vec4 v027cdf30_0;
    %assign/vec4 v027ce668_0, 0;
    %jmp T_5.5;
T_5.4 ;
    %load/vec4 v027cd850_0;
    %pad/u 32;
    %pushi/vec4 1, 0, 32;
    %cmp/e;
    %flag_get/vec4 4;
    %load/vec4 v027cd7f8_0;
    %pad/u 32;
    %pushi/vec4 1, 0, 32;
    %cmp/e;
    %flag_get/vec4 4;
    %and;
    %load/vec4 v027cd8a8_0;
    %pad/u 32;
    %pushi/vec4 0, 0, 32;
    %cmp/e;
    %flag_get/vec4 4;
    %and;
    %flag_set/vec4 8;
    %jmp/0xz  T_5.6, 8;
    %pushi/vec4 0, 0, 1;
    %assign/vec4 v027cdc70_0, 0;
T_5.6 ;
T_5.5 ;
T_5.3 ;
T_5.1 ;
    %jmp T_5;
    .thread T_5;
    .scope S_027bf630;
T_6 ;
    %wait E_027cd488;
    %load/vec4 v027cd958_0;
    %nor/r;
    %flag_set/vec4 8;
    %jmp/0xz  T_6.0, 8;
    %pushi/vec4 2, 0, 3;
    %assign/vec4 v027cdab8_0, 0;
    %pushi/vec4 0, 0, 1;
    %assign/vec4 v027cdbc0_0, 0;
    %jmp T_6.1;
T_6.0 ;
    %load/vec4 v027cdab8_0;
    %cmpi/e 7, 0, 3;
    %jmp/0xz  T_6.2, 4;
    %load/vec4 v027cdbc0_0;
    %inv;
    %assign/vec4 v027cdbc0_0, 0;
    %pushi/vec4 0, 0, 3;
    %assign/vec4 v027cdab8_0, 0;
    %jmp T_6.3;
T_6.2 ;
    %load/vec4 v027cdab8_0;
    %addi 1, 0, 3;
    %assign/vec4 v027cdab8_0, 0;
T_6.3 ;
T_6.1 ;
    %jmp T_6;
    .thread T_6;
    .scope S_027bf630;
T_7 ;
    %wait E_027ccce0;
    %load/vec4 v027cd958_0;
    %nor/r;
    %flag_set/vec4 8;
    %jmp/0xz  T_7.0, 8;
    %pushi/vec4 0, 0, 8;
    %assign/vec4 v027cdb10_0, 0;
    %jmp T_7.1;
T_7.0 ;
    %load/vec4 v027cdb68_0;
    %flag_set/vec4 8;
    %jmp/0xz  T_7.2, 8;
    %pushi/vec4 0, 0, 8;
    %assign/vec4 v027cdb10_0, 0;
    %jmp T_7.3;
T_7.2 ;
    %load/vec4 v027cdd78_0;
    %assign/vec4 v027cdb10_0, 0;
T_7.3 ;
T_7.1 ;
    %jmp T_7;
    .thread T_7;
    .scope S_027bf630;
T_8 ;
    %wait E_027cd488;
    %load/vec4 v027cd958_0;
    %nor/r;
    %flag_set/vec4 8;
    %jmp/0xz  T_8.0, 8;
    %pushi/vec4 0, 0, 1;
    %assign/vec4 v027cdcc8_0, 0;
    %pushi/vec4 5, 0, 4;
    %assign/vec4 v027cdc18_0, 0;
    %pushi/vec4 0, 0, 3;
    %assign/vec4 v027cd7a0_0, 0;
    %jmp T_8.1;
T_8.0 ;
    %load/vec4 v027cdb68_0;
    %flag_set/vec4 8;
    %jmp/0xz  T_8.2, 8;
    %pushi/vec4 0, 0, 1;
    %assign/vec4 v027cdcc8_0, 0;
    %pushi/vec4 0, 0, 3;
    %assign/vec4 v027cd7a0_0, 0;
    %pushi/vec4 0, 0, 4;
    %assign/vec4 v027cdc18_0, 0;
    %jmp T_8.3;
T_8.2 ;
    %load/vec4 v027cdb68_0;
    %nor/r;
    %flag_set/vec4 8;
    %jmp/0xz  T_8.4, 8;
    %load/vec4 v027cdc18_0;
    %cmpi/e 8, 0, 4;
    %jmp/0xz  T_8.6, 4;
    %load/vec4 v027cd7a0_0;
    %cmpi/e 7, 0, 3;
    %jmp/0xz  T_8.8, 4;
    %pushi/vec4 0, 0, 4;
    %assign/vec4 v027cdc18_0, 0;
    %pushi/vec4 0, 0, 3;
    %assign/vec4 v027cd7a0_0, 0;
    %jmp T_8.9;
T_8.8 ;
    %load/vec4 v027cdbc0_0;
    %pad/u 32;
    %cmpi/e 1, 0, 32;
    %jmp/0xz  T_8.10, 4;
    %load/vec4 v027cdb10_0;
    %load/vec4 v027cd7a0_0;
    %part/u 1;
    %assign/vec4 v027cdcc8_0, 0;
    %load/vec4 v027cd7a0_0;
    %addi 1, 0, 3;
    %assign/vec4 v027cd7a0_0, 0;
T_8.10 ;
T_8.9 ;
    %jmp T_8.7;
T_8.6 ;
    %load/vec4 v027cdbc0_0;
    %pad/u 32;
    %cmpi/e 0, 0, 32;
    %jmp/0xz  T_8.12, 4;
    %load/vec4 v027cd900_0;
    %load/vec4 v027cdc18_0;
    %part/u 1;
    %assign/vec4 v027cdcc8_0, 0;
    %load/vec4 v027cdc18_0;
    %addi 1, 0, 4;
    %assign/vec4 v027cdc18_0, 0;
T_8.12 ;
T_8.7 ;
T_8.4 ;
T_8.3 ;
T_8.1 ;
    %jmp T_8;
    .thread T_8;
    .scope S_027ac958;
T_9 ;
    %wait E_027ccd08;
    %load/vec4 v0279b2f8_0;
    %nor/r;
    %flag_set/vec4 8;
    %jmp/0xz  T_9.0, 8;
    %pushi/vec4 0, 0, 1;
    %assign/vec4 v0279b4b0_0, 0;
    %pushi/vec4 0, 0, 4;
    %assign/vec4 v0279b2a0_0, 0;
    %jmp T_9.1;
T_9.0 ;
    %load/vec4 v0279b7c8_0;
    %nor/r;
    %flag_set/vec4 8;
    %jmp/0xz  T_9.2, 8;
    %load/vec4 v0279b2a0_0;
    %cmpi/e 9, 0, 4;
    %jmp/0xz  T_9.4, 4;
    %load/vec4 v0279b4b0_0;
    %nor/r;
    %assign/vec4 v0279b4b0_0, 0;
    %pushi/vec4 0, 0, 4;
    %assign/vec4 v0279b2a0_0, 0;
    %jmp T_9.5;
T_9.4 ;
    %load/vec4 v0279b2a0_0;
    %addi 1, 0, 4;
    %assign/vec4 v0279b2a0_0, 0;
T_9.5 ;
T_9.2 ;
T_9.1 ;
    %jmp T_9;
    .thread T_9;
    .scope S_027c1920;
T_10 ;
    %wait E_027cd348;
    %load/vec4 v02808a98_0;
    %nor/r;
    %flag_set/vec4 8;
    %jmp/0xz  T_10.0, 8;
    %pushi/vec4 2, 0, 3;
    %assign/vec4 v02809018_0, 0;
    %pushi/vec4 0, 0, 1;
    %assign/vec4 v028087d8_0, 0;
    %jmp T_10.1;
T_10.0 ;
    %load/vec4 v02809018_0;
    %cmpi/e 7, 0, 3;
    %jmp/0xz  T_10.2, 4;
    %load/vec4 v028087d8_0;
    %inv;
    %assign/vec4 v028087d8_0, 0;
    %pushi/vec4 0, 0, 3;
    %assign/vec4 v02809018_0, 0;
    %jmp T_10.3;
T_10.2 ;
    %load/vec4 v02809018_0;
    %addi 1, 0, 3;
    %assign/vec4 v02809018_0, 0;
T_10.3 ;
T_10.1 ;
    %jmp T_10;
    .thread T_10;
    .scope S_027c1920;
T_11 ;
    %wait E_027cd348;
    %load/vec4 v02808a98_0;
    %nor/r;
    %flag_set/vec4 8;
    %jmp/0xz  T_11.0, 8;
    %pushi/vec4 0, 0, 1;
    %assign/vec4 v02808e60_0, 0;
    %pushi/vec4 0, 0, 3;
    %assign/vec4 v02809070_0, 0;
    %pushi/vec4 0, 0, 3;
    %assign/vec4 v02808780_0, 0;
    %pushi/vec4 0, 0, 8;
    %assign/vec4 v02808d58_0, 0;
    %pushi/vec4 0, 0, 8;
    %assign/vec4 v02808f10_0, 0;
    %jmp T_11.1;
T_11.0 ;
    %load/vec4 v02808938_0;
    %flag_set/vec4 8;
    %jmp/0xz  T_11.2, 8;
    %pushi/vec4 0, 0, 1;
    %assign/vec4 v02808e60_0, 0;
    %pushi/vec4 0, 0, 3;
    %assign/vec4 v02809070_0, 0;
    %pushi/vec4 0, 0, 8;
    %assign/vec4 v02808d58_0, 0;
    %jmp T_11.3;
T_11.2 ;
    %load/vec4 v02808938_0;
    %nor/r;
    %flag_set/vec4 8;
    %jmp/0xz  T_11.4, 8;
    %load/vec4 v02808780_0;
    %cmpi/e 7, 0, 3;
    %jmp/0xz  T_11.6, 4;
    %load/vec4 v02809070_0;
    %cmpi/e 7, 0, 3;
    %jmp/0xz  T_11.8, 4;
    %load/vec4 v02808d58_0;
    %assign/vec4 v02808f10_0, 0;
    %pushi/vec4 0, 0, 3;
    %assign/vec4 v02809070_0, 0;
    %pushi/vec4 0, 0, 3;
    %assign/vec4 v02808780_0, 0;
    %jmp T_11.9;
T_11.8 ;
    %load/vec4 v028087d8_0;
    %pad/u 32;
    %cmpi/e 1, 0, 32;
    %jmp/0xz  T_11.10, 4;
    %load/vec4 v02808f68_0;
    %ix/load 5, 0, 0;
    %ix/getv 4, v02809070_0;
    %assign/vec4/off/d v02808d58_0, 4, 5;
    %pushi/vec4 0, 0, 1;
    %assign/vec4 v02808e60_0, 0;
    %load/vec4 v02809070_0;
    %addi 1, 0, 3;
    %assign/vec4 v02809070_0, 0;
T_11.10 ;
T_11.9 ;
    %jmp T_11.7;
T_11.6 ;
    %load/vec4 v028087d8_0;
    %pad/u 32;
    %cmpi/e 0, 0, 32;
    %jmp/0xz  T_11.12, 4;
    %load/vec4 v02808eb8_0;
    %load/vec4 v02808780_0;
    %part/u 1;
    %assign/vec4 v02808e60_0, 0;
    %pushi/vec4 0, 0, 8;
    %assign/vec4 v02808d58_0, 0;
    %vpi_call 10 102 "$display", "at time %0d spi_mosi_out=%b  ", $time, v02808e60_0 {0 0 0};
    %vpi_call 10 103 "$display", "at time %0d point_add=%d  ", $time, v02808780_0 {0 0 0};
    %load/vec4 v02808780_0;
    %addi 1, 0, 3;
    %assign/vec4 v02808780_0, 0;
T_11.12 ;
T_11.7 ;
T_11.4 ;
T_11.3 ;
T_11.1 ;
    %jmp T_11;
    .thread T_11;
    .scope S_027c1920;
T_12 ;
    %wait E_027cd460;
    %load/vec4 v02808a98_0;
    %nor/r;
    %flag_set/vec4 8;
    %jmp/0xz  T_12.0, 8;
    %pushi/vec4 0, 0, 8;
    %assign/vec4 v02808990_0, 0;
    %jmp T_12.1;
T_12.0 ;
    %load/vec4 v02808938_0;
    %flag_set/vec4 8;
    %jmp/0xz  T_12.2, 8;
    %pushi/vec4 0, 0, 8;
    %assign/vec4 v02808990_0, 0;
    %jmp T_12.3;
T_12.2 ;
    %load/vec4 v02808f10_0;
    %assign/vec4 v02808990_0, 0;
T_12.3 ;
T_12.1 ;
    %jmp T_12;
    .thread T_12;
    .scope S_027c6f30;
T_13 ;
    %wait E_027cd1b8;
    %load/vec4 v02808728_0;
    %nor/r;
    %flag_set/vec4 8;
    %jmp/0xz  T_13.0, 8;
    %pushi/vec4 0, 0, 1;
    %assign/vec4 v0279b3a8_0, 0;
    %jmp T_13.1;
T_13.0 ;
    %load/vec4 v028091d0_0;
    %pad/u 32;
    %cmpi/e 1, 0, 32;
    %jmp/0xz  T_13.2, 4;
    %pushi/vec4 1, 0, 1;
    %assign/vec4 v0279b3a8_0, 0;
    %jmp T_13.3;
T_13.2 ;
    %pushi/vec4 0, 0, 1;
    %assign/vec4 v0279b3a8_0, 0;
T_13.3 ;
T_13.1 ;
    %jmp T_13;
    .thread T_13;
    .scope S_027c6f30;
T_14 ;
    %wait E_027ccd08;
    %load/vec4 v02808728_0;
    %nor/r;
    %flag_set/vec4 8;
    %jmp/0xz  T_14.0, 8;
    %pushi/vec4 0, 0, 1;
    %assign/vec4 v028088e0_0, 0;
    %jmp T_14.1;
T_14.0 ;
    %load/vec4 v028091d0_0;
    %pad/u 32;
    %cmpi/e 0, 0, 32;
    %jmp/0xz  T_14.2, 4;
    %pushi/vec4 0, 0, 1;
    %assign/vec4 v028088e0_0, 0;
    %jmp T_14.3;
T_14.2 ;
    %load/vec4 v0279b350_0;
    %pad/u 32;
    %cmpi/e 1, 0, 32;
    %jmp/0xz  T_14.4, 4;
    %pushi/vec4 0, 0, 1;
    %assign/vec4 v028088e0_0, 0;
    %jmp T_14.5;
T_14.4 ;
    %pushi/vec4 1, 0, 1;
    %assign/vec4 v028088e0_0, 0;
T_14.5 ;
T_14.3 ;
T_14.1 ;
    %jmp T_14;
    .thread T_14;
    .scope S_027c6f30;
T_15 ;
    %wait E_027ccd08;
    %load/vec4 v02808728_0;
    %nor/r;
    %flag_set/vec4 8;
    %jmp/0xz  T_15.0, 8;
    %pushi/vec4 0, 0, 1;
    %assign/vec4 v02809178_0, 0;
    %pushi/vec4 0, 0, 1;
    %assign/vec4 v02809120_0, 0;
    %jmp T_15.1;
T_15.0 ;
    %load/vec4 v0279b3a8_0;
    %pad/u 32;
    %pushi/vec4 1, 0, 32;
    %cmp/e;
    %flag_get/vec4 4;
    %load/vec4 v028091d0_0;
    %pad/u 32;
    %pushi/vec4 1, 0, 32;
    %cmp/e;
    %flag_get/vec4 4;
    %and;
    %flag_set/vec4 8;
    %jmp/0xz  T_15.2, 8;
    %pushi/vec4 0, 0, 1;
    %assign/vec4 v02809178_0, 0;
    %pushi/vec4 1, 0, 1;
    %assign/vec4 v02809120_0, 0;
    %vpi_call 9 73 "$display", "at time %0d winc=%b rinc=%b", $time, v02809178_0, v02809120_0 {0 0 0};
    %jmp T_15.3;
T_15.2 ;
    %load/vec4 v028091d0_0;
    %pad/u 32;
    %cmpi/e 0, 0, 32;
    %jmp/0xz  T_15.4, 4;
    %pushi/vec4 1, 0, 1;
    %assign/vec4 v02809178_0, 0;
    %pushi/vec4 0, 0, 1;
    %assign/vec4 v02809120_0, 0;
    %vpi_call 9 78 "$display", "at time %0d winc=%b rinc=%b", $time, v02809178_0, v02809120_0 {0 0 0};
    %jmp T_15.5;
T_15.4 ;
    %pushi/vec4 0, 0, 1;
    %assign/vec4 v02809178_0, 0;
    %pushi/vec4 0, 0, 1;
    %assign/vec4 v02809120_0, 0;
T_15.5 ;
T_15.3 ;
T_15.1 ;
    %jmp T_15;
    .thread T_15;
    .scope S_027c6f30;
T_16 ;
    %wait E_027cd460;
    %load/vec4 v02808728_0;
    %nor/r;
    %flag_set/vec4 8;
    %jmp/0xz  T_16.0, 8;
    %pushi/vec4 0, 0, 4;
    %assign/vec4 v02808ca8_0, 0;
    %pushi/vec4 0, 0, 1;
    %assign/vec4 v028091d0_0, 0;
    %jmp T_16.1;
T_16.0 ;
    %load/vec4 v02809178_0;
    %pad/u 32;
    %pushi/vec4 1, 0, 32;
    %cmp/e;
    %flag_get/vec4 4;
    %load/vec4 v02808ca8_0;
    %pushi/vec4 15, 0, 4;
    %cmp/e;
    %flag_get/vec4 4;
    %and;
    %flag_set/vec4 8;
    %jmp/0xz  T_16.2, 8;
    %pushi/vec4 1, 0, 1;
    %assign/vec4 v028091d0_0, 0;
    %pushi/vec4 0, 0, 4;
    %assign/vec4 v02808ca8_0, 0;
    %jmp T_16.3;
T_16.2 ;
    %load/vec4 v02809178_0;
    %pad/u 32;
    %pushi/vec4 1, 0, 32;
    %cmp/e;
    %flag_get/vec4 4;
    %load/vec4 v028091d0_0;
    %nor/r;
    %and;
    %flag_set/vec4 8;
    %jmp/0xz  T_16.4, 8;
    %load/vec4 v02808ca8_0;
    %addi 1, 0, 4;
    %assign/vec4 v02808ca8_0, 0;
    %load/vec4 v02808d00_0;
    %load/vec4 v02808ca8_0;
    %pad/u 6;
    %ix/vec4 3;
    %ix/load 4, 0, 0; Constant delay
    %assign/vec4/a/d v0279b878, 0, 4;
    %vpi_call 9 111 "$display", "at time %0d w_pointer=%b", $time, v02808ca8_0 {0 0 0};
    %load/vec4 v02808ca8_0;
    %pad/u 6;
    %ix/vec4 4;
    %load/vec4a v0279b878, 4;
    %vpi_call 9 112 "$display", "at time %0d  ex_mem[w_pointer]=%d", $time, S<0,vec4,u8> {1 0 0};
    %jmp T_16.5;
T_16.4 ;
    %load/vec4 v0279b350_0;
    %pad/u 32;
    %cmpi/e 1, 0, 32;
    %jmp/0xz  T_16.6, 4;
    %pushi/vec4 0, 0, 1;
    %assign/vec4 v028091d0_0, 0;
T_16.6 ;
T_16.5 ;
T_16.3 ;
T_16.1 ;
    %jmp T_16;
    .thread T_16;
    .scope S_027c6f30;
T_17 ;
    %wait E_027ccd08;
    %load/vec4 v02808728_0;
    %nor/r;
    %flag_set/vec4 8;
    %jmp/0xz  T_17.0, 8;
    %pushi/vec4 0, 0, 4;
    %assign/vec4 v0279b980_0, 0;
    %pushi/vec4 0, 0, 1;
    %assign/vec4 v0279b350_0, 0;
    %pushi/vec4 0, 0, 8;
    %assign/vec4 v0279b718_0, 0;
    %jmp T_17.1;
T_17.0 ;
    %load/vec4 v02809120_0;
    %pad/u 32;
    %pushi/vec4 1, 0, 32;
    %cmp/e;
    %flag_get/vec4 4;
    %load/vec4 v0279b980_0;
    %pushi/vec4 15, 0, 4;
    %cmp/e;
    %flag_get/vec4 4;
    %and;
    %flag_set/vec4 8;
    %jmp/0xz  T_17.2, 8;
    %pushi/vec4 1, 0, 1;
    %assign/vec4 v0279b350_0, 0;
    %pushi/vec4 0, 0, 4;
    %assign/vec4 v0279b980_0, 0;
    %vpi_call 9 132 "$display", "at time %0d rempty=%b", $time, v0279b350_0 {0 0 0};
    %jmp T_17.3;
T_17.2 ;
    %load/vec4 v02809120_0;
    %pad/u 32;
    %pushi/vec4 1, 0, 32;
    %cmp/e;
    %flag_get/vec4 4;
    %load/vec4 v0279b350_0;
    %nor/r;
    %and;
    %flag_set/vec4 8;
    %jmp/0xz  T_17.4, 8;
    %load/vec4 v0279b980_0;
    %addi 1, 0, 4;
    %assign/vec4 v0279b980_0, 0;
    %load/vec4 v0279b980_0;
    %pad/u 6;
    %ix/vec4 4;
    %load/vec4a v0279b878, 4;
    %assign/vec4 v0279b718_0, 0;
    %vpi_call 9 142 "$display", "at time %0d rdata=%b", $time, v0279b718_0 {0 0 0};
T_17.4 ;
T_17.3 ;
T_17.1 ;
    %jmp T_17;
    .thread T_17;
    .scope S_027c6f30;
T_18 ;
    %wait E_027ccd08;
    %load/vec4 v02808728_0;
    %nor/r;
    %flag_set/vec4 8;
    %jmp/0xz  T_18.0, 8;
    %pushi/vec4 0, 0, 120;
    %assign/vec4 v0279b458_0, 0;
    %jmp T_18.1;
T_18.0 ;
    %load/vec4 v0279b980_0;
    %pad/u 32;
    %cmpi/e 15, 0, 32;
    %jmp/0xz  T_18.2, 4;
    %ix/load 4, 0, 0;
    %flag_set/imm 4, 0;
    %load/vec4a v0279b878, 4;
    %ix/load 4, 0, 0;
    %ix/load 5, 0, 0;
    %flag_set/imm 4, 0;
    %assign/vec4/off/d v0279b458_0, 4, 5;
    %ix/load 4, 1, 0;
    %flag_set/imm 4, 0;
    %load/vec4a v0279b878, 4;
    %ix/load 4, 8, 0;
    %ix/load 5, 0, 0;
    %flag_set/imm 4, 0;
    %assign/vec4/off/d v0279b458_0, 4, 5;
    %ix/load 4, 2, 0;
    %flag_set/imm 4, 0;
    %load/vec4a v0279b878, 4;
    %ix/load 4, 16, 0;
    %ix/load 5, 0, 0;
    %flag_set/imm 4, 0;
    %assign/vec4/off/d v0279b458_0, 4, 5;
    %ix/load 4, 3, 0;
    %flag_set/imm 4, 0;
    %load/vec4a v0279b878, 4;
    %ix/load 4, 24, 0;
    %ix/load 5, 0, 0;
    %flag_set/imm 4, 0;
    %assign/vec4/off/d v0279b458_0, 4, 5;
    %ix/load 4, 4, 0;
    %flag_set/imm 4, 0;
    %load/vec4a v0279b878, 4;
    %ix/load 4, 32, 0;
    %ix/load 5, 0, 0;
    %flag_set/imm 4, 0;
    %assign/vec4/off/d v0279b458_0, 4, 5;
    %ix/load 4, 5, 0;
    %flag_set/imm 4, 0;
    %load/vec4a v0279b878, 4;
    %ix/load 4, 40, 0;
    %ix/load 5, 0, 0;
    %flag_set/imm 4, 0;
    %assign/vec4/off/d v0279b458_0, 4, 5;
    %ix/load 4, 6, 0;
    %flag_set/imm 4, 0;
    %load/vec4a v0279b878, 4;
    %ix/load 4, 48, 0;
    %ix/load 5, 0, 0;
    %flag_set/imm 4, 0;
    %assign/vec4/off/d v0279b458_0, 4, 5;
    %ix/load 4, 7, 0;
    %flag_set/imm 4, 0;
    %load/vec4a v0279b878, 4;
    %ix/load 4, 56, 0;
    %ix/load 5, 0, 0;
    %flag_set/imm 4, 0;
    %assign/vec4/off/d v0279b458_0, 4, 5;
    %ix/load 4, 8, 0;
    %flag_set/imm 4, 0;
    %load/vec4a v0279b878, 4;
    %ix/load 4, 64, 0;
    %ix/load 5, 0, 0;
    %flag_set/imm 4, 0;
    %assign/vec4/off/d v0279b458_0, 4, 5;
    %ix/load 4, 9, 0;
    %flag_set/imm 4, 0;
    %load/vec4a v0279b878, 4;
    %ix/load 4, 72, 0;
    %ix/load 5, 0, 0;
    %flag_set/imm 4, 0;
    %assign/vec4/off/d v0279b458_0, 4, 5;
    %ix/load 4, 10, 0;
    %flag_set/imm 4, 0;
    %load/vec4a v0279b878, 4;
    %ix/load 4, 80, 0;
    %ix/load 5, 0, 0;
    %flag_set/imm 4, 0;
    %assign/vec4/off/d v0279b458_0, 4, 5;
    %ix/load 4, 11, 0;
    %flag_set/imm 4, 0;
    %load/vec4a v0279b878, 4;
    %ix/load 4, 88, 0;
    %ix/load 5, 0, 0;
    %flag_set/imm 4, 0;
    %assign/vec4/off/d v0279b458_0, 4, 5;
    %ix/load 4, 12, 0;
    %flag_set/imm 4, 0;
    %load/vec4a v0279b878, 4;
    %ix/load 4, 96, 0;
    %ix/load 5, 0, 0;
    %flag_set/imm 4, 0;
    %assign/vec4/off/d v0279b458_0, 4, 5;
    %ix/load 4, 13, 0;
    %flag_set/imm 4, 0;
    %load/vec4a v0279b878, 4;
    %ix/load 4, 104, 0;
    %ix/load 5, 0, 0;
    %flag_set/imm 4, 0;
    %assign/vec4/off/d v0279b458_0, 4, 5;
    %ix/load 4, 14, 0;
    %flag_set/imm 4, 0;
    %load/vec4a v0279b878, 4;
    %ix/load 4, 112, 0;
    %ix/load 5, 0, 0;
    %flag_set/imm 4, 0;
    %assign/vec4/off/d v0279b458_0, 4, 5;
T_18.2 ;
    %vpi_call 9 179 "$display", "at time %0d data_out=%b", $time, v0279b458_0 {0 0 0};
T_18.1 ;
    %jmp T_18;
    .thread T_18;
# The file index is used to find the file name in the following table.
:file_names 11;
    "N/A";
    "<interactive>";
    "final.v";
    "./control_unit.v";
    "./final_I.v";
    "./asy_fifo_input.v";
    "./spi_mosi.v";
    "./final_O.v";
    "./clk_div.v";
    "./asy_fifo_output.v";
    "./spi_miso.v";
