============================================================
  Generated by:           Encounter(R) RTL Compiler v11.20-s017_1
  Generated on:           Jul 22 2016  05:37:02 pm
  Module:                 final_spi
  Technology libraries:   c35_CORELIB_TYP 3.02
                          c35_IOLIB_TYP revision 1.0
  Operating conditions:   typical (balanced_tree)
  Wireload mode:          enclosed
  Area mode:              timing library
============================================================

                               
  Gate   Instances     Area          Library      
--------------------------------------------------
ADD21            6     873.600    c35_CORELIB_TYP 
ADD22            2     291.200    c35_CORELIB_TYP 
AOI210          10     728.000    c35_CORELIB_TYP 
AOI211           2     145.600    c35_CORELIB_TYP 
AOI2110         10     910.000    c35_CORELIB_TYP 
AOI220          52    4732.000    c35_CORELIB_TYP 
AOI221           2     182.000    c35_CORELIB_TYP 
AOI310           2     182.000    c35_CORELIB_TYP 
AOI311           1      91.000    c35_CORELIB_TYP 
CLKIN0           2      72.800    c35_CORELIB_TYP 
CLKIN2           1      36.400    c35_CORELIB_TYP 
CLKIN3          12     436.800    c35_CORELIB_TYP 
DF3              1     273.000    c35_CORELIB_TYP 
DFC3            78   24133.200    c35_CORELIB_TYP 
DFCP3            1     327.600    c35_CORELIB_TYP 
DFE1           225   73710.000    c35_CORELIB_TYP 
DFEC1           17    5878.600    c35_CORELIB_TYP 
DFP3             5    1547.000    c35_CORELIB_TYP 
DFSEC1           1     436.800    c35_CORELIB_TYP 
DLQ3           120   21840.000    c35_CORELIB_TYP 
IMUX20          12    1092.000    c35_CORELIB_TYP 
IMUX21           5     455.000    c35_CORELIB_TYP 
IMUX30           1     182.000    c35_CORELIB_TYP 
INV2            44    1601.600    c35_CORELIB_TYP 
INV3            12     436.800    c35_CORELIB_TYP 
INV6             1      54.600    c35_CORELIB_TYP 
JKC3             2     728.000    c35_CORELIB_TYP 
JKP3             1     364.000    c35_CORELIB_TYP 
MUX21            2     218.400    c35_CORELIB_TYP 
NAND20          51    2784.600    c35_CORELIB_TYP 
NAND22          16     873.600    c35_CORELIB_TYP 
NAND30           5     364.000    c35_CORELIB_TYP 
NAND31           3     218.400    c35_CORELIB_TYP 
NAND40          14    1274.000    c35_CORELIB_TYP 
NAND41           1      91.000    c35_CORELIB_TYP 
NOR20          204   11138.400    c35_CORELIB_TYP 
NOR21           37    2020.200    c35_CORELIB_TYP 
NOR30           12     873.600    c35_CORELIB_TYP 
NOR31            9     655.200    c35_CORELIB_TYP 
OAI210          24    1747.200    c35_CORELIB_TYP 
OAI2110          2     182.000    c35_CORELIB_TYP 
OAI2111          2     182.000    c35_CORELIB_TYP 
OAI212           5     364.000    c35_CORELIB_TYP 
OAI220           6     546.000    c35_CORELIB_TYP 
OAI310           8     728.000    c35_CORELIB_TYP 
OAI311           2     182.000    c35_CORELIB_TYP 
TFEC3            5    1729.000    c35_CORELIB_TYP 
TFSC1            3    1037.400    c35_CORELIB_TYP 
XNR21            1     109.200    c35_CORELIB_TYP 
XOR21            1     127.400    c35_CORELIB_TYP 
--------------------------------------------------
total         1041  169187.200                    


                                       
   Type    Instances    Area    Area % 
---------------------------------------
sequential       459 132004.600   78.0 
inverter          72   2639.000    1.6 
logic            510  34543.600   20.4 
---------------------------------------
total           1041 169187.200  100.0 

