============================================================
  Generated by:           Encounter(R) RTL Compiler v11.20-s017_1
  Generated on:           Jul 22 2016  05:37:03 pm
  Module:                 final_spi
  Technology libraries:   c35_CORELIB_TYP 3.02
                          c35_IOLIB_TYP revision 1.0
  Operating conditions:   typical (balanced_tree)
  Wireload mode:          enclosed
  Area mode:              timing library
============================================================

                                       Wire      Wire   Wireload 
         Net         Loads   Drivers Cap(fF) Res(k-ohm)    Model 
-----------------------------------------------------------------
I_control_clk           19         1     0.0      0.000    10k   
I_spi_clk                1         1     0.0      0.000    10k   
I_spi_cs                 3         1   130.6      0.112    10k   
I_spi_mosi_in[0]         1         1     8.2      0.007    10k   
I_spi_mosi_in[1]         1         1     8.2      0.007    10k   
I_spi_mosi_in[2]         1         1     8.2      0.007    10k   
I_spi_mosi_in[3]         1         1     8.2      0.007    10k   
I_spi_mosi_in[4]         1         1     8.2      0.007    10k   
I_spi_mosi_in[5]         1         1     8.2      0.007    10k   
I_spi_mosi_in[6]         1         1     8.2      0.007    10k   
O_O1_n_610               2         1    16.3      0.014    10k   
O_O1_r_empty             3         1    24.5      0.021    10k   
O_O1_r_pointer[0]        3         1    24.5      0.021    10k   
O_O1_r_pointer[1]        3         1    24.5      0.021    10k   
O_O1_r_pointer[2]        3         1    24.5      0.021    10k   
O_O1_r_pointer[3]        3         1    24.5      0.021    10k   
O_O1_w_full              3         1    24.5      0.021    10k   
spi_clk                 29         1     0.0      0.000    10k   
add_byte[5]              3         1    24.5      0.021    10k   
add_byte[7]              1         1     8.2      0.007    10k   
spi_mosi_I               1         1    40.8      0.035    10k   
C_write_en               4         1    32.7      0.028    10k   
C_read_en                3         1    24.5      0.021    10k   
data_av                  3         1     0.0      0.000    10k   
read_req                 4         1     0.0      0.000    10k   
I_B_counter[0]           2         1    16.3      0.014    10k   
I_B_counter[1]           3         1    24.5      0.021    10k   
I_B_counter[2]           1         1     8.2      0.007    10k   
I_B_counter[3]           2         1    16.3      0.014    10k   
I_I1_rdata[0]            2         1    16.3      0.014    10k   
I_I1_rdata[1]            2         1    16.3      0.014    10k   
I_I1_rdata[2]            2         1    16.3      0.014    10k   
I_I1_rdata[3]            2         1    16.3      0.014    10k   
I_I1_rdata[4]            2         1    16.3      0.014    10k   
I_I1_rdata[5]            2         1    16.3      0.014    10k   
I_I1_rdata[6]            2         1    16.3      0.014    10k   
I_I1_ex_mem[0][0]        1         1     8.2      0.007    10k   
I_I1_ex_mem[0][1]        1         1     8.2      0.007    10k   
I_I1_ex_mem[0][2]        1         1     8.2      0.007    10k   
I_I1_ex_mem[0][3]        1         1     8.2      0.007    10k   
I_I1_ex_mem[0][4]        1         1     8.2      0.007    10k   
I_I1_ex_mem[0][5]        1         1     8.2      0.007    10k   
I_I1_ex_mem[0][6]        1         1     8.2      0.007    10k   
I_I1_ex_mem[10][0]       1         1     8.2      0.007    10k   
I_I1_ex_mem[10][1]       1         1     8.2      0.007    10k   
I_I1_ex_mem[10][2]       1         1     8.2      0.007    10k   
I_I1_ex_mem[10][3]       1         1     8.2      0.007    10k   
I_I1_ex_mem[10][4]       1         1     8.2      0.007    10k   
I_I1_ex_mem[10][5]       1         1     8.2      0.007    10k   
I_I1_ex_mem[10][6]       1         1     8.2      0.007    10k   
I_I1_ex_mem[11][0]       1         1     8.2      0.007    10k   
I_I1_ex_mem[11][1]       1         1     8.2      0.007    10k   
I_I1_ex_mem[11][2]       1         1     8.2      0.007    10k   
I_I1_ex_mem[11][3]       1         1     8.2      0.007    10k   
I_I1_ex_mem[11][4]       1         1     8.2      0.007    10k   
I_I1_ex_mem[11][5]       1         1     8.2      0.007    10k   
I_I1_ex_mem[11][6]       1         1     8.2      0.007    10k   
I_I1_ex_mem[12][0]       1         1     8.2      0.007    10k   
I_I1_ex_mem[12][1]       1         1     8.2      0.007    10k   
I_I1_ex_mem[12][2]       1         1     8.2      0.007    10k   
I_I1_ex_mem[12][3]       1         1     8.2      0.007    10k   
I_I1_ex_mem[12][4]       1         1     8.2      0.007    10k   
I_I1_ex_mem[12][5]       1         1     8.2      0.007    10k   
I_I1_ex_mem[12][6]       1         1     8.2      0.007    10k   
I_I1_ex_mem[13][0]       1         1     8.2      0.007    10k   
I_I1_ex_mem[13][1]       1         1     8.2      0.007    10k   
I_I1_ex_mem[13][2]       1         1     8.2      0.007    10k   
I_I1_ex_mem[13][3]       1         1     8.2      0.007    10k   
I_I1_ex_mem[13][4]       1         1     8.2      0.007    10k   
I_I1_ex_mem[13][5]       1         1     8.2      0.007    10k   
I_I1_ex_mem[13][6]       1         1     8.2      0.007    10k   
I_I1_ex_mem[14][0]       1         1     8.2      0.007    10k   
I_I1_ex_mem[14][1]       1         1     8.2      0.007    10k   
I_I1_ex_mem[14][2]       1         1     8.2      0.007    10k   
I_I1_ex_mem[14][3]       1         1     8.2      0.007    10k   
I_I1_ex_mem[14][4]       1         1     8.2      0.007    10k   
I_I1_ex_mem[14][5]       1         1     8.2      0.007    10k   
I_I1_ex_mem[14][6]       1         1     8.2      0.007    10k   
I_I1_ex_mem[1][0]        1         1     8.2      0.007    10k   
I_I1_ex_mem[1][1]        1         1     8.2      0.007    10k   
I_I1_ex_mem[1][2]        1         1     8.2      0.007    10k   
I_I1_ex_mem[1][3]        1         1     8.2      0.007    10k   
I_I1_ex_mem[1][4]        1         1     8.2      0.007    10k   
I_I1_ex_mem[1][5]        1         1     8.2      0.007    10k   
I_I1_ex_mem[1][6]        1         1     8.2      0.007    10k   
I_I1_ex_mem[2][0]        1         1     8.2      0.007    10k   
I_I1_ex_mem[2][1]        1         1     8.2      0.007    10k   
I_I1_ex_mem[2][2]        1         1     8.2      0.007    10k   
I_I1_ex_mem[2][3]        1         1     8.2      0.007    10k   
I_I1_ex_mem[2][4]        1         1     8.2      0.007    10k   
I_I1_ex_mem[2][5]        1         1     8.2      0.007    10k   
I_I1_ex_mem[2][6]        1         1     8.2      0.007    10k   
I_I1_ex_mem[3][0]        1         1     8.2      0.007    10k   
I_I1_ex_mem[3][1]        1         1     8.2      0.007    10k   
I_I1_ex_mem[3][2]        1         1     8.2      0.007    10k   
I_I1_ex_mem[3][3]        1         1     8.2      0.007    10k   
I_I1_ex_mem[3][4]        1         1     8.2      0.007    10k   
I_I1_ex_mem[3][5]        1         1     8.2      0.007    10k   
I_I1_ex_mem[3][6]        1         1     8.2      0.007    10k   
I_I1_ex_mem[4][0]        1         1     8.2      0.007    10k   
I_I1_ex_mem[4][1]        1         1     8.2      0.007    10k   
I_I1_ex_mem[4][2]        1         1     8.2      0.007    10k   
I_I1_ex_mem[4][3]        1         1     8.2      0.007    10k   
I_I1_ex_mem[4][4]        1         1     8.2      0.007    10k   
I_I1_ex_mem[4][5]        1         1     8.2      0.007    10k   
I_I1_ex_mem[4][6]        1         1     8.2      0.007    10k   
I_I1_ex_mem[5][0]        1         1     8.2      0.007    10k   
I_I1_ex_mem[5][1]        1         1     8.2      0.007    10k   
I_I1_ex_mem[5][2]        1         1     8.2      0.007    10k   
I_I1_ex_mem[5][3]        1         1     8.2      0.007    10k   
I_I1_ex_mem[5][4]        1         1     8.2      0.007    10k   
I_I1_ex_mem[5][5]        1         1     8.2      0.007    10k   
I_I1_ex_mem[5][6]        1         1     8.2      0.007    10k   
I_I1_ex_mem[6][0]        1         1     8.2      0.007    10k   
I_I1_ex_mem[6][1]        1         1     8.2      0.007    10k   
I_I1_ex_mem[6][2]        1         1     8.2      0.007    10k   
I_I1_ex_mem[6][3]        1         1     8.2      0.007    10k   
I_I1_ex_mem[6][4]        1         1     8.2      0.007    10k   
I_I1_ex_mem[6][5]        1         1     8.2      0.007    10k   
I_I1_ex_mem[6][6]        1         1     8.2      0.007    10k   
I_I1_ex_mem[7][0]        1         1     8.2      0.007    10k   
I_I1_ex_mem[7][1]        1         1     8.2      0.007    10k   
I_I1_ex_mem[7][2]        1         1     8.2      0.007    10k   
I_I1_ex_mem[7][3]        1         1     8.2      0.007    10k   
I_I1_ex_mem[7][4]        1         1     8.2      0.007    10k   
I_I1_ex_mem[7][5]        1         1     8.2      0.007    10k   
I_I1_ex_mem[7][6]        1         1     8.2      0.007    10k   
I_I1_ex_mem[8][0]        1         1     8.2      0.007    10k   
I_I1_ex_mem[8][1]        1         1     8.2      0.007    10k   
I_I1_ex_mem[8][2]        1         1     8.2      0.007    10k   
I_I1_ex_mem[8][3]        1         1     8.2      0.007    10k   
I_I1_ex_mem[8][4]        1         1     8.2      0.007    10k   
I_I1_ex_mem[8][5]        1         1     8.2      0.007    10k   
I_I1_ex_mem[8][6]        1         1     8.2      0.007    10k   
I_I1_ex_mem[9][0]        1         1     8.2      0.007    10k   
I_I1_ex_mem[9][1]        1         1     8.2      0.007    10k   
I_I1_ex_mem[9][2]        1         1     8.2      0.007    10k   
I_I1_ex_mem[9][3]        1         1     8.2      0.007    10k   
I_I1_ex_mem[9][4]        1         1     8.2      0.007    10k   
I_I1_ex_mem[9][5]        1         1     8.2      0.007    10k   
I_I1_ex_mem[9][6]        1         1     8.2      0.007    10k   
I_I1_r_empty             2         1    16.3      0.014    10k   
I_I1_r_pointer[0]        3         1    24.5      0.021    10k   
I_I1_r_pointer[1]        3         1    24.5      0.021    10k   
I_I1_r_pointer[2]        3         1    24.5      0.021    10k   
I_I1_r_pointer[3]        4         1    32.7      0.028    10k   
I_I1_w_full              6         1    49.0      0.042    10k   
I_I1_w_pointer[0]        4         1    32.7      0.028    10k   
I_I1_w_pointer[1]        5         1    40.8      0.035    10k   
I_I1_w_pointer[2]        3         1    24.5      0.021    10k   
I_I1_w_pointer[3]        3         1    24.5      0.021    10k   
O_control_clk_miso     137         1     0.0      0.000    10k   
O_spi_miso_out[0]       15         1   122.5      0.105    10k   
O_spi_miso_out[1]       15         1   122.5      0.105    10k   
O_spi_miso_out[2]       15         1   122.5      0.105    10k   
O_spi_miso_out[3]       15         1   122.5      0.105    10k   
O_spi_miso_out[4]       15         1   122.5      0.105    10k   
O_spi_miso_out[5]       15         1   122.5      0.105    10k   
O_spi_miso_out[6]       15         1   122.5      0.105    10k   
O_spi_miso_out[7]       15         1   122.5      0.105    10k   
O_O1_w_pointer[0]        5         1    40.8      0.035    10k   
O_O1_w_pointer[1]        6         1    49.0      0.042    10k   
O_O1_w_pointer[2]        5         1    40.8      0.035    10k   
O_O1_w_pointer[3]        7         1    57.2      0.049    10k   
O_O2_control[0]          2         1    16.3      0.014    10k   
O_O2_control[1]          1         1     8.2      0.007    10k   
O_O2_control[2]          1         1     8.2      0.007    10k   
O_O2_data[0]             2         1    16.3      0.014    10k   
O_O2_data[1]             2         1    16.3      0.014    10k   
O_O2_data[2]             2         1    16.3      0.014    10k   
O_O2_data[3]             2         1    16.3      0.014    10k   
O_O2_data[4]             2         1    16.3      0.014    10k   
O_O2_data[5]             2         1    16.3      0.014    10k   
O_O2_data[6]             2         1    16.3      0.014    10k   
O_O2_data[7]             2         1    16.3      0.014    10k   
O_O2_point_add[0]        4         1    32.7      0.028    10k   
O_O2_point_add[1]        3         1    24.5      0.021    10k   
O_O2_point_add[2]        5         1    40.8      0.035    10k   
O_O2_point[0]            5         1    40.8      0.035    10k   
O_O2_point[1]            5         1    40.8      0.035    10k   
O_O2_point[2]            2         1    16.3      0.014    10k   
O_O2_point[3]            4         1    32.7      0.028    10k   
spi_mosi_O               2         1    16.3      0.014    10k   
I_I1_rinc                3         1    24.5      0.021    10k   
I_I1_winc                1         1     8.2      0.007    10k   
O_O1_read_en             1         1     8.2      0.007    10k   
O_O1_rinc                2         1    16.3      0.014    10k   
O_O1_winc                2         1    16.3      0.014    10k   
L_n_19                   1         1                       10k   
n_0                      1         1     8.2      0.007    10k   
n_1                      1         1     8.2      0.007    10k   
n_2                      1         1     8.2      0.007    10k   
n_3                      1         1     8.2      0.007    10k   
n_4                      1         1     8.2      0.007    10k   
n_5                      1         1     8.2      0.007    10k   
n_6                      1         1     8.2      0.007    10k   
n_7                      1         1     8.2      0.007    10k   
n_8                      1         1     8.2      0.007    10k   
n_9                      1         1     8.2      0.007    10k   
n_10                     1         1     8.2      0.007    10k   
n_11                     1         1     8.2      0.007    10k   
n_12                     1         1     8.2      0.007    10k   
n_13                     1         1     8.2      0.007    10k   
n_14                     3         1    24.5      0.021    10k   
n_15                     2         1    16.3      0.014    10k   
n_16                     5         1    40.8      0.035    10k   
n_17                     3         1    24.5      0.021    10k   
n_18                     6         1    49.0      0.042    10k   
n_19                     3         1    24.5      0.021    10k   
n_20                     2         1    16.3      0.014    10k   
n_21                     1         1     8.2      0.007    10k   
n_22                     6         1    49.0      0.042    10k   
n_23                     2         1    16.3      0.014    10k   
n_24                     2         1    16.3      0.014    10k   
n_25                     1         1     8.2      0.007    10k   
n_26                     3         1    24.5      0.021    10k   
n_27                     4         1    32.7      0.028    10k   
n_28                     3         1    24.5      0.021    10k   
n_29                     2         1    16.3      0.014    10k   
n_30                     8         1    65.3      0.056    10k   
n_31                     2         1    16.3      0.014    10k   
n_32                     2         1    16.3      0.014    10k   
n_33                     6         1    49.0      0.042    10k   
n_34                     2         1    16.3      0.014    10k   
n_35                     8         1    65.3      0.056    10k   
n_36                     1         1     8.2      0.007    10k   
n_37                     2         1    16.3      0.014    10k   
n_38                     3         1    24.5      0.021    10k   
n_39                   124         1  1012.5      0.868    10k   
n_41                     3         1    24.5      0.021    10k   
n_42                     3         1    24.5      0.021    10k   
n_43                     3         1    24.5      0.021    10k   
n_44                     1         1     8.2      0.007    10k   
n_45                     2         1    16.3      0.014    10k   
n_46                     3         1    24.5      0.021    10k   
n_47                     5         1    40.8      0.035    10k   
n_48                     2         1    16.3      0.014    10k   
n_49                     5         1    40.8      0.035    10k   
n_50                     2         1    16.3      0.014    10k   
n_51                     2         1    16.3      0.014    10k   
n_52                     2         1    16.3      0.014    10k   
n_53                     1         1     8.2      0.007    10k   
n_54                     3         1    24.5      0.021    10k   
n_55                     4         1    32.7      0.028    10k   
n_56                     1         1     8.2      0.007    10k   
n_57                     3         1    24.5      0.021    10k   
n_58                     5         1    40.8      0.035    10k   
n_59                     3         1    24.5      0.021    10k   
n_60                     2         1    16.3      0.014    10k   
n_61                     3         1    24.5      0.021    10k   
n_62                     1         1     8.2      0.007    10k   
n_63                     4         1    32.7      0.028    10k   
n_64                     2         1    16.3      0.014    10k   
n_65                     4         1    32.7      0.028    10k   
n_66                     4         1    32.7      0.028    10k   
n_67                     1         1     8.2      0.007    10k   
n_68                     4         1    32.7      0.028    10k   
n_69                     4         1    32.7      0.028    10k   
n_70                     1         1     8.2      0.007    10k   
n_71                     4         1    32.7      0.028    10k   
n_72                     3         1    24.5      0.021    10k   
n_74                     1         1     8.2      0.007    10k   
n_75                     1         1     8.2      0.007    10k   
n_76                     1         1     8.2      0.007    10k   
n_77                     2         1    16.3      0.014    10k   
n_78                     2         1    16.3      0.014    10k   
n_79                     2         1    16.3      0.014    10k   
n_80                     2         1    16.3      0.014    10k   
n_81                     3         1    24.5      0.021    10k   
n_82                     1         1     8.2      0.007    10k   
n_83                     1         1     8.2      0.007    10k   
n_84                     1         1     8.2      0.007    10k   
n_85                     1         1     8.2      0.007    10k   
n_86                     1         1     0.0      0.000    10k   
n_87                     1         1     8.2      0.007    10k   
n_90                     1         1     8.2      0.007    10k   
n_91                     1         1     8.2      0.007    10k   
n_92                     3         1    24.5      0.021    10k   
n_93                     5         1    40.8      0.035    10k   
n_94                     4         1    32.7      0.028    10k   
n_95                     5         1    40.8      0.035    10k   
n_96                     3         1    24.5      0.021    10k   
n_97                     2         1    16.3      0.014    10k   
n_98                     2         1    16.3      0.014    10k   
n_99                     2         1    16.3      0.014    10k   
n_100                    2         1    16.3      0.014    10k   
n_101                    9         1    73.5      0.063    10k   
n_102                    4         1    32.7      0.028    10k   
n_103                    1         1     8.2      0.007    10k   
n_104                    1         1     8.2      0.007    10k   
n_105                    1         1     8.2      0.007    10k   
n_106                    1         1     8.2      0.007    10k   
n_107                    3         1    24.5      0.021    10k   
n_108                    3         1    24.5      0.021    10k   
n_109                    1         1     8.2      0.007    10k   
n_110                    1         1     8.2      0.007    10k   
n_112                    1         1     8.2      0.007    10k   
n_113                    2         1    16.3      0.014    10k   
n_114                    4         1    32.7      0.028    10k   
n_115                    4         1    32.7      0.028    10k   
n_116                    3         1    24.5      0.021    10k   
n_117                    3         1    24.5      0.021    10k   
n_118                    2         1    16.3      0.014    10k   
n_119                    2         1    16.3      0.014    10k   
n_120                    1         1     8.2      0.007    10k   
n_121                    2         1    16.3      0.014    10k   
n_122                    2         1    16.3      0.014    10k   
n_123                    1         1     8.2      0.007    10k   
n_124                    1         1     8.2      0.007    10k   
n_125                    2         1    16.3      0.014    10k   
n_126                    2         1    16.3      0.014    10k   
n_127                    2         1    16.3      0.014    10k   
n_129                    4         1    32.7      0.028    10k   
n_130                    1         1     8.2      0.007    10k   
n_131                    1         1     8.2      0.007    10k   
n_132                    1         1     8.2      0.007    10k   
n_133                    1         1     8.2      0.007    10k   
n_134                    1         1     8.2      0.007    10k   
n_135                    1         1     8.2      0.007    10k   
n_136                    1         1     8.2      0.007    10k   
n_137                    1         1     8.2      0.007    10k   
n_138                    1         1     8.2      0.007    10k   
n_139                    2         1    16.3      0.014    10k   
n_140                    3         1    24.5      0.021    10k   
n_141                    1         1     8.2      0.007    10k   
n_142                    1         1     8.2      0.007    10k   
n_143                    5         1    40.8      0.035    10k   
n_144                    4         1    32.7      0.028    10k   
n_145                    1         1     8.2      0.007    10k   
n_146                    1         1     8.2      0.007    10k   
n_147                    1         1     8.2      0.007    10k   
n_148                    1         1     8.2      0.007    10k   
n_149                    2         1    16.3      0.014    10k   
n_150                    9         1    73.5      0.063    10k   
n_151                    1         1     8.2      0.007    10k   
n_152                    1         1     8.2      0.007    10k   
n_153                    4         1    32.7      0.028    10k   
n_154                    1         1     8.2      0.007    10k   
n_155                    1         1     8.2      0.007    10k   
n_156                    1         1     8.2      0.007    10k   
n_157                    3         1    24.5      0.021    10k   
n_158                    3         1    24.5      0.021    10k   
n_159                    1         1     8.2      0.007    10k   
n_160                    4         1    32.7      0.028    10k   
n_161                    2         1    16.3      0.014    10k   
n_162                    2         1    16.3      0.014    10k   
n_163                    2         1    16.3      0.014    10k   
n_164                    2         1    16.3      0.014    10k   
n_165                    4         1    32.7      0.028    10k   
n_166                    2         1    16.3      0.014    10k   
n_167                    3         1    24.5      0.021    10k   
n_170                    1         1     8.2      0.007    10k   
n_171                    1         1     8.2      0.007    10k   
n_172                    1         1     8.2      0.007    10k   
n_173                    1         1     8.2      0.007    10k   
n_174                    1         1     8.2      0.007    10k   
n_175                    2         1    16.3      0.014    10k   
n_176                    1         1     8.2      0.007    10k   
n_177                    7         1    57.2      0.049    10k   
n_178                    7         1    57.2      0.049    10k   
n_179                    7         1    57.2      0.049    10k   
n_180                    7         1    57.2      0.049    10k   
n_181                    1         1     8.2      0.007    10k   
n_182                    1         1     8.2      0.007    10k   
n_183                    7         1    57.2      0.049    10k   
n_184                    3         1    24.5      0.021    10k   
n_185                    4         1    32.7      0.028    10k   
n_186                    1         1     8.2      0.007    10k   
n_187                    1         1     8.2      0.007    10k   
n_188                    7         1    57.2      0.049    10k   
n_189                    7         1    57.2      0.049    10k   
n_190                    7         1    57.2      0.049    10k   
n_191                    7         1    57.2      0.049    10k   
n_192                    7         1    57.2      0.049    10k   
n_193                    7         1    57.2      0.049    10k   
n_194                    7         1    57.2      0.049    10k   
n_195                    2         1    16.3      0.014    10k   
n_196                    1         1     8.2      0.007    10k   
n_197                    2         1    16.3      0.014    10k   
n_198                    2         1    16.3      0.014    10k   
n_199                    1         1     8.2      0.007    10k   
n_200                    2         1    16.3      0.014    10k   
n_201                    7         1    57.2      0.049    10k   
n_202                    1         1     8.2      0.007    10k   
n_203                    7         1    57.2      0.049    10k   
n_204                    1         1     8.2      0.007    10k   
n_205                    1         1     8.2      0.007    10k   
n_206                    4         1    32.7      0.028    10k   
n_207                    5         1    40.8      0.035    10k   
n_209                    2         1    16.3      0.014    10k   
n_210                    2         1    16.3      0.014    10k   
n_211                    7         1    57.2      0.049    10k   
n_212                    1         1     8.2      0.007    10k   
n_213                    1         1     8.2      0.007    10k   
n_214                    1         1     8.2      0.007    10k   
n_215                    1         1     8.2      0.007    10k   
n_216                    1         1     8.2      0.007    10k   
n_217                    1         1     8.2      0.007    10k   
n_218                    1         1     8.2      0.007    10k   
n_219                    1         1     8.2      0.007    10k   
n_220                    4         1    32.7      0.028    10k   
n_221                    1         1     8.2      0.007    10k   
n_222                    1         1     8.2      0.007    10k   
n_223                    8         1    65.3      0.056    10k   
n_224                    1         1     8.2      0.007    10k   
n_225                    1         1     8.2      0.007    10k   
n_226                    1         1     8.2      0.007    10k   
n_227                    8         1    65.3      0.056    10k   
n_229                    8         1    65.3      0.056    10k   
n_230                    1         1     8.2      0.007    10k   
n_231                    4         1    32.7      0.028    10k   
n_232                    8         1    65.3      0.056    10k   
n_233                    1         1     8.2      0.007    10k   
n_234                    8         1    65.3      0.056    10k   
n_235                    2         1    16.3      0.014    10k   
n_236                    1         1     8.2      0.007    10k   
n_237                    1         1     8.2      0.007    10k   
n_238                    8         1    65.3      0.056    10k   
n_239                    8         1    65.3      0.056    10k   
n_240                    1         1     8.2      0.007    10k   
n_241                    4         1    32.7      0.028    10k   
n_242                    2         1    16.3      0.014    10k   
n_243                    2         1    16.3      0.014    10k   
n_244                    8         1    65.3      0.056    10k   
n_245                    1         1     8.2      0.007    10k   
n_246                    4         1    32.7      0.028    10k   
n_247                    8         1    65.3      0.056    10k   
n_248                    2         1    16.3      0.014    10k   
n_249                    3         1    24.5      0.021    10k   
n_250                    8         1    65.3      0.056    10k   
n_251                    2         1    16.3      0.014    10k   
n_252                    1         1     8.2      0.007    10k   
n_253                    1         1     8.2      0.007    10k   
n_254                    1         1     8.2      0.007    10k   
n_255                    1         1     8.2      0.007    10k   
n_256                    1         1     8.2      0.007    10k   
n_257                    1         1     8.2      0.007    10k   
n_259                    1         1     8.2      0.007    10k   
n_260                    1         1     8.2      0.007    10k   
n_261                    1         1     8.2      0.007    10k   
n_262                    1         1     8.2      0.007    10k   
n_263                    1         1     8.2      0.007    10k   
n_264                    1         1     8.2      0.007    10k   
n_265                    1         1     8.2      0.007    10k   
n_266                    1         1     8.2      0.007    10k   
n_267                    8         1    65.3      0.056    10k   
n_268                    1         1     8.2      0.007    10k   
n_269                    1         1     8.2      0.007    10k   
n_270                    1         1     8.2      0.007    10k   
n_271                    2         1    16.3      0.014    10k   
n_272                    1         1     8.2      0.007    10k   
n_273                    1         1     8.2      0.007    10k   
n_274                    1         1     8.2      0.007    10k   
n_275                    1         1     8.2      0.007    10k   
n_276                    1         1     8.2      0.007    10k   
n_277                    1         1     8.2      0.007    10k   
n_278                    1         1     8.2      0.007    10k   
n_279                    1         1     8.2      0.007    10k   
n_280                    1         1     8.2      0.007    10k   
n_281                    1         1     8.2      0.007    10k   
n_282                    1         1     8.2      0.007    10k   
n_283                    1         1     8.2      0.007    10k   
n_284                    1         1     8.2      0.007    10k   
n_285                    1         1     8.2      0.007    10k   
n_286                    1         1     8.2      0.007    10k   
n_287                    1         1     8.2      0.007    10k   
n_288                    1         1     8.2      0.007    10k   
n_289                    1         1     8.2      0.007    10k   
n_290                    1         1     8.2      0.007    10k   
n_291                    1         1     8.2      0.007    10k   
n_292                    1         1     8.2      0.007    10k   
n_293                    1         1     8.2      0.007    10k   
n_294                    1         1     8.2      0.007    10k   
n_295                    1         1     8.2      0.007    10k   
n_296                    1         1     8.2      0.007    10k   
n_297                    1         1     8.2      0.007    10k   
n_298                    1         1     8.2      0.007    10k   
n_299                    1         1     8.2      0.007    10k   
n_300                    1         1     8.2      0.007    10k   
n_301                    1         1     8.2      0.007    10k   
n_302                    1         1     8.2      0.007    10k   
n_303                    1         1     8.2      0.007    10k   
n_304                    1         1     8.2      0.007    10k   
n_305                    1         1     8.2      0.007    10k   
n_306                    1         1     8.2      0.007    10k   
n_307                    1         1     8.2      0.007    10k   
n_308                    1         1     8.2      0.007    10k   
n_309                    1         1     8.2      0.007    10k   
n_310                    1         1     8.2      0.007    10k   
n_311                    1         1     8.2      0.007    10k   
n_312                    1         1     8.2      0.007    10k   
n_313                    1         1     8.2      0.007    10k   
n_314                    1         1     8.2      0.007    10k   
n_315                    8         1    65.3      0.056    10k   
n_316                    1         1     8.2      0.007    10k   
n_317                    1         1     8.2      0.007    10k   
n_319                    8         1    65.3      0.056    10k   
n_320                    1         1     8.2      0.007    10k   
n_321                    1         1     8.2      0.007    10k   
n_322                    1         1     8.2      0.007    10k   
n_323                    1         1     8.2      0.007    10k   
n_324                    1         1     8.2      0.007    10k   
n_325                    8         1    65.3      0.056    10k   
n_326                    8         1    65.3      0.056    10k   
n_327                    1         1     8.2      0.007    10k   
n_328                    1         1     8.2      0.007    10k   
n_329                    1         1     8.2      0.007    10k   
n_330                    1         1     8.2      0.007    10k   
n_331                    6         1    49.0      0.042    10k   
n_332                    1         1     8.2      0.007    10k   
n_333                    1         1     8.2      0.007    10k   
n_334                    1         1     8.2      0.007    10k   
n_335                    1         1     8.2      0.007    10k   
n_336                    1         1     8.2      0.007    10k   
n_337                    7         1    57.2      0.049    10k   
n_338                    7         1    57.2      0.049    10k   
n_339                    7         1    57.2      0.049    10k   
n_340                    1         1     8.2      0.007    10k   
n_341                    1         1     8.2      0.007    10k   
n_342                    1         1     8.2      0.007    10k   
n_343                    1         1     8.2      0.007    10k   
n_344                    1         1     8.2      0.007    10k   
n_345                    1         1     8.2      0.007    10k   
n_346                    1         1     8.2      0.007    10k   
n_347                    1         1     8.2      0.007    10k   
n_348                    1         1     8.2      0.007    10k   
n_349                    1         1     8.2      0.007    10k   
n_350                    3         1    24.5      0.021    10k   
n_351                    1         1     8.2      0.007    10k   
n_352                    3         1    24.5      0.021    10k   
n_353                    2         1    16.3      0.014    10k   
n_354                    2         1    16.3      0.014    10k   
n_356                    1         1     8.2      0.007    10k   
n_357                    1         1     8.2      0.007    10k   
n_358                    7         1    57.2      0.049    10k   
n_359                    8         1    65.3      0.056    10k   
n_360                    2         1    16.3      0.014    10k   
n_361                    4         1    32.7      0.028    10k   
n_362                    1         1     8.2      0.007    10k   
n_363                    1         1     8.2      0.007    10k   
n_364                    1         1     8.2      0.007    10k   
n_365                    1         1     8.2      0.007    10k   
n_366                    1         1     8.2      0.007    10k   
n_367                    1         1     8.2      0.007    10k   
n_368                    1         1     8.2      0.007    10k   
n_369                    1         1     8.2      0.007    10k   
n_370                    1         1     8.2      0.007    10k   
n_371                    1         1     8.2      0.007    10k   
n_372                    1         1     8.2      0.007    10k   
n_373                    1         1     8.2      0.007    10k   
n_374                    1         1     8.2      0.007    10k   
n_375                    1         1     8.2      0.007    10k   
n_376                    1         1     8.2      0.007    10k   
n_377                    1         1     8.2      0.007    10k   
n_378                    1         1     8.2      0.007    10k   
n_379                    1         1     8.2      0.007    10k   
n_380                    2         1    16.3      0.014    10k   
n_381                    1         1     8.2      0.007    10k   
n_382                    1         1     8.2      0.007    10k   
n_383                    1         1     8.2      0.007    10k   
n_384                    7         1    57.2      0.049    10k   
n_385                    2         1    16.3      0.014    10k   
n_386                    7         1    57.2      0.049    10k   
n_387                    7         1    57.2      0.049    10k   
n_388                    1         1     8.2      0.007    10k   
n_389                    1         1     8.2      0.007    10k   
n_390                    7         1    57.2      0.049    10k   
n_391                    2         1    16.3      0.014    10k   
n_392                    1         1     8.2      0.007    10k   
n_393                    7         1    57.2      0.049    10k   
n_394                    1         1     8.2      0.007    10k   
n_395                    1         1     8.2      0.007    10k   
n_396                    1         1     8.2      0.007    10k   
n_397                    1         1     8.2      0.007    10k   
n_398                    1         1     8.2      0.007    10k   
n_399                    1         1     8.2      0.007    10k   
n_400                    1         1     8.2      0.007    10k   
n_401                    1         1     8.2      0.007    10k   
n_402                    1         1     8.2      0.007    10k   
n_403                    1         1     8.2      0.007    10k   
n_404                    7         1    57.2      0.049    10k   
n_405                    7         1    57.2      0.049    10k   
n_406                    7         1    57.2      0.049    10k   
n_407                    1         1     8.2      0.007    10k   
n_408                    7         1    57.2      0.049    10k   
n_409                    7         1    57.2      0.049    10k   
n_410                    7         1    57.2      0.049    10k   
n_411                    7         1    57.2      0.049    10k   
n_412                    1         1     8.2      0.007    10k   
n_413                    1         1     8.2      0.007    10k   
n_414                    1         1     8.2      0.007    10k   
n_415                    1         1     8.2      0.007    10k   
n_416                    1         1     8.2      0.007    10k   
n_417                    1         1     8.2      0.007    10k   
n_418                    1         1     8.2      0.007    10k   
n_419                    1         1     8.2      0.007    10k   
n_420                    1         1     8.2      0.007    10k   
n_421                    1         1     8.2      0.007    10k   
n_422                    1         1     8.2      0.007    10k   
n_423                    1         1     8.2      0.007    10k   
n_424                    1         1     8.2      0.007    10k   
n_425                    1         1     8.2      0.007    10k   
n_426                    1         1     8.2      0.007    10k   
n_427                    1         1     8.2      0.007    10k   
n_428                    1         1     8.2      0.007    10k   
n_429                    1         1     8.2      0.007    10k   
n_430                    1         1     8.2      0.007    10k   
n_431                    3         1    24.5      0.021    10k   
n_432                    2         1    16.3      0.014    10k   
n_434                    1         1     8.2      0.007    10k   
n_435                    1         1     8.2      0.007    10k   
n_436                    1         1     8.2      0.007    10k   
n_437                    1         1     8.2      0.007    10k   
n_438                    1         1     8.2      0.007    10k   
n_439                    1         1     8.2      0.007    10k   
n_440                    1         1     8.2      0.007    10k   
n_441                    1         1     8.2      0.007    10k   
n_442                    1         1     8.2      0.007    10k   
n_443                    1         1     8.2      0.007    10k   
n_444                    1         1     8.2      0.007    10k   
n_445                    1         1     8.2      0.007    10k   
n_446                    1         1     8.2      0.007    10k   
n_447                    1         1     8.2      0.007    10k   
n_448                    1         1     8.2      0.007    10k   
n_449                    1         1     8.2      0.007    10k   
n_450                    1         1     8.2      0.007    10k   
n_451                    1         1     8.2      0.007    10k   
n_452                    1         1     8.2      0.007    10k   
n_453                    1         1     8.2      0.007    10k   
n_454                    1         1     8.2      0.007    10k   
n_455                    1         1     8.2      0.007    10k   
n_456                    1         1     8.2      0.007    10k   
n_457                    1         1     8.2      0.007    10k   
n_458                    1         1     8.2      0.007    10k   
n_459                    1         1     8.2      0.007    10k   
n_460                    1         1     8.2      0.007    10k   
n_461                    1         1     8.2      0.007    10k   
n_462                    1         1     8.2      0.007    10k   
n_463                    1         1     8.2      0.007    10k   
n_464                    1         1     8.2      0.007    10k   
n_465                    1         1     8.2      0.007    10k   
n_466                    1         1     8.2      0.007    10k   
n_467                    1         1     8.2      0.007    10k   
n_468                    1         1     8.2      0.007    10k   
n_469                    1         1     8.2      0.007    10k   
n_470                    1         1     8.2      0.007    10k   
n_471                    1         1     8.2      0.007    10k   
n_472                    1         1     8.2      0.007    10k   
n_473                    1         1     8.2      0.007    10k   
n_474                    1         1     8.2      0.007    10k   
n_475                    1         1     8.2      0.007    10k   
n_476                    1         1     8.2      0.007    10k   
n_477                    1         1     8.2      0.007    10k   
n_478                    1         1     8.2      0.007    10k   
n_479                    1         1     8.2      0.007    10k   
n_480                    1         1     8.2      0.007    10k   
n_481                    1         1     8.2      0.007    10k   
n_482                    1         1     8.2      0.007    10k   
n_483                    1         1     8.2      0.007    10k   
n_484                    1         1     8.2      0.007    10k   
n_485                    1         1     8.2      0.007    10k   
n_486                    1         1     8.2      0.007    10k   
n_487                    1         1     8.2      0.007    10k   
n_488                    1         1     8.2      0.007    10k   
n_489                    1         1     8.2      0.007    10k   
n_490                    1         1     8.2      0.007    10k   
n_491                    1         1     8.2      0.007    10k   
n_492                    1         1     8.2      0.007    10k   
n_493                    1         1     8.2      0.007    10k   
n_494                    1         1     8.2      0.007    10k   
n_495                    1         1     8.2      0.007    10k   
n_496                    1         1     8.2      0.007    10k   
n_497                    1         1     8.2      0.007    10k   
n_498                    1         1     8.2      0.007    10k   
n_499                    1         1     8.2      0.007    10k   
n_500                    1         1     8.2      0.007    10k   
n_501                    1         1     8.2      0.007    10k   
n_502                    1         1     8.2      0.007    10k   
n_503                    1         1     8.2      0.007    10k   
n_504                    1         1     8.2      0.007    10k   
n_505                    1         1     8.2      0.007    10k   
n_506                    1         1     8.2      0.007    10k   
n_507                    1         1     8.2      0.007    10k   
n_508                    1         1     8.2      0.007    10k   
n_509                    1         1     8.2      0.007    10k   
n_510                    1         1     8.2      0.007    10k   
n_511                    1         1     8.2      0.007    10k   
n_512                    1         1     8.2      0.007    10k   
n_513                    1         1     8.2      0.007    10k   
n_514                    1         1     8.2      0.007    10k   
n_515                    1         1     8.2      0.007    10k   
n_516                    1         1     8.2      0.007    10k   
n_517                    1         1     8.2      0.007    10k   
n_518                    1         1     8.2      0.007    10k   
n_519                    1         1     8.2      0.007    10k   
n_520                    1         1     8.2      0.007    10k   
n_521                    1         1     8.2      0.007    10k   
n_522                    1         1     8.2      0.007    10k   
n_523                    1         1     8.2      0.007    10k   
n_524                    1         1     8.2      0.007    10k   
n_525                    1         1     8.2      0.007    10k   
n_526                    1         1     8.2      0.007    10k   
n_527                    1         1     8.2      0.007    10k   
n_528                    1         1     8.2      0.007    10k   
n_529                    1         1     8.2      0.007    10k   
n_530                    1         1     8.2      0.007    10k   
n_531                    1         1     8.2      0.007    10k   
n_532                    1         1     8.2      0.007    10k   
n_533                    1         1     8.2      0.007    10k   
n_534                    1         1     8.2      0.007    10k   
n_535                    1         1     8.2      0.007    10k   
n_536                    1         1     8.2      0.007    10k   
n_537                    1         1     8.2      0.007    10k   
n_538                    1         1     8.2      0.007    10k   
n_539                    1         1     8.2      0.007    10k   
n_540                    1         1     8.2      0.007    10k   
n_541                    1         1     8.2      0.007    10k   
n_542                    1         1     8.2      0.007    10k   
n_543                    1         1     8.2      0.007    10k   
n_544                    1         1     8.2      0.007    10k   
n_545                    1         1     8.2      0.007    10k   
n_546                    1         1     8.2      0.007    10k   
n_547                    1         1     8.2      0.007    10k   
n_548                    1         1     8.2      0.007    10k   
n_549                    1         1     8.2      0.007    10k   
n_550                    1         1     8.2      0.007    10k   
n_551                    1         1     8.2      0.007    10k   
n_552                    1         1     8.2      0.007    10k   
n_553                    1         1     8.2      0.007    10k   
n_554                    1         1     8.2      0.007    10k   
n_555                    1         1     8.2      0.007    10k   
n_556                  120         1     0.0      0.000    10k   
Data_out[84]             1         1     8.2      0.007    10k   
Data_out[83]             1         1     8.2      0.007    10k   
Data_out[82]             1         1     8.2      0.007    10k   
Data_out[81]             1         1     8.2      0.007    10k   
Data_out[80]             1         1     8.2      0.007    10k   
Data_out[79]             1         1     8.2      0.007    10k   
Data_out[78]             1         1     8.2      0.007    10k   
Data_out[77]             1         1     8.2      0.007    10k   
Data_out[76]             1         1     8.2      0.007    10k   
Data_out[75]             1         1     8.2      0.007    10k   
Data_in[3]              15         1     0.0      0.000    10k   
Data_out[74]             1         1     8.2      0.007    10k   
Data_out[73]             1         1     8.2      0.007    10k   
Data_out[72]             1         1     8.2      0.007    10k   
Data_out[71]             1         1     8.2      0.007    10k   
Data_out[70]             1         1     8.2      0.007    10k   
Data_out[69]             1         1     8.2      0.007    10k   
Data_out[68]             1         1     8.2      0.007    10k   
Data_out[67]             1         1     8.2      0.007    10k   
Data_out[66]             1         1     8.2      0.007    10k   
Data_out[65]             1         1     8.2      0.007    10k   
Data_in[2]              15         1     0.0      0.000    10k   
Data_out[64]             1         1     8.2      0.007    10k   
Data_out[63]             1         1     8.2      0.007    10k   
Data_out[62]             1         1     8.2      0.007    10k   
Data_out[61]             1         1     8.2      0.007    10k   
Data_out[60]             1         1     8.2      0.007    10k   
Data_out[59]             1         1     8.2      0.007    10k   
Data_out[58]             1         1     8.2      0.007    10k   
Data_out[57]             1         1     8.2      0.007    10k   
Data_out[56]             1         1     8.2      0.007    10k   
Data_out[55]             1         1     8.2      0.007    10k   
Data_in[1]              15         1     0.0      0.000    10k   
Data_out[54]             1         1     8.2      0.007    10k   
Data_out[53]             1         1     8.2      0.007    10k   
Data_out[52]             1         1     8.2      0.007    10k   
Data_out[51]             1         1     8.2      0.007    10k   
Data_out[50]             1         1     8.2      0.007    10k   
Data_out[49]             1         1     8.2      0.007    10k   
Data_out[48]             1         1     8.2      0.007    10k   
Data_out[47]             1         1     8.2      0.007    10k   
Data_out[46]             1         1     8.2      0.007    10k   
Data_out[45]             1         1     8.2      0.007    10k   
Data_in[0]              15         1     0.0      0.000    10k   
Data_out[44]             1         1     8.2      0.007    10k   
Data_out[43]             1         1     8.2      0.007    10k   
Data_out[42]             1         1     8.2      0.007    10k   
Data_out[41]             1         1     8.2      0.007    10k   
Data_out[40]             1         1     8.2      0.007    10k   
Data_out[39]             1         1     8.2      0.007    10k   
Data_out[38]             1         1     8.2      0.007    10k   
Data_out[37]             1         1     8.2      0.007    10k   
Data_out[36]             1         1     8.2      0.007    10k   
Data_out[35]             1         1     8.2      0.007    10k   
Data_available           2         1     0.0      0.000    10k   
Data_out[34]             1         1     8.2      0.007    10k   
Data_out[33]             1         1     8.2      0.007    10k   
Data_out[32]             1         1     8.2      0.007    10k   
Data_out[31]             1         1     8.2      0.007    10k   
Data_out[30]             1         1     8.2      0.007    10k   
Data_out[29]             1         1     8.2      0.007    10k   
Data_out[28]             1         1     8.2      0.007    10k   
Data_out[27]             1         1     8.2      0.007    10k   
Data_out[26]             1         1     8.2      0.007    10k   
Data_out[25]             1         1     8.2      0.007    10k   
Read_request             4         1     0.0      0.000    10k   
Data_out[24]             1         1     8.2      0.007    10k   
Data_out[23]             1         1     8.2      0.007    10k   
Data_out[22]             1         1     8.2      0.007    10k   
Data_out[21]             1         1     8.2      0.007    10k   
Data_out[20]             1         1     8.2      0.007    10k   
Data_out[19]             1         1     8.2      0.007    10k   
Data_out[18]             1         1     8.2      0.007    10k   
Data_out[17]             1         1     8.2      0.007    10k   
Data_out[16]             1         1     8.2      0.007    10k   
Data_out[15]             1         1     8.2      0.007    10k   
nReset                  98         1     0.0      0.000    10k   
Data_out[14]             1         1     8.2      0.007    10k   
Data_out[13]             1         1     8.2      0.007    10k   
Data_out[12]             1         1     8.2      0.007    10k   
Data_out[11]             1         1     8.2      0.007    10k   
Data_out[10]             1         1     8.2      0.007    10k   
Data_out[9]              1         1     8.2      0.007    10k   
Data_out[8]              1         1     8.2      0.007    10k   
Data_out[7]              1         1     8.2      0.007    10k   
Data_out[6]              1         1     8.2      0.007    10k   
Data_out[5]              1         1     8.2      0.007    10k   
spi_cs                  13         1   106.1      0.091    10k   
Data_out[4]              1         1     8.2      0.007    10k   
Data_out[3]              1         1     8.2      0.007    10k   
Data_out[2]              1         1     8.2      0.007    10k   
Data_out[1]              1         1     8.2      0.007    10k   
Data_out[0]              1         1     8.2      0.007    10k   
spi_miso                 1         1     0.0      0.000    10k   
n_772                    8         1                       10k   
spi_mosi                 1         1     8.2      0.007    10k   
Data_out[119]            1         1     8.2      0.007    10k   
Data_out[118]            1         1     8.2      0.007    10k   
Data_out[117]            1         1     8.2      0.007    10k   
Data_out[116]            1         1     8.2      0.007    10k   
Data_out[115]            1         1     8.2      0.007    10k   
Data_out[114]            1         1     8.2      0.007    10k   
Data_out[113]            1         1     8.2      0.007    10k   
Data_out[112]            1         1     8.2      0.007    10k   
Data_out[111]            1         1     8.2      0.007    10k   
Data_out[110]            1         1     8.2      0.007    10k   
Data_out[109]            1         1     8.2      0.007    10k   
Data_out[108]            1         1     8.2      0.007    10k   
Data_out[107]            1         1     8.2      0.007    10k   
Data_out[106]            1         1     8.2      0.007    10k   
Data_out[105]            1         1     8.2      0.007    10k   
Data_in[6]              15         1     0.0      0.000    10k   
Data_out[104]            1         1     8.2      0.007    10k   
Data_out[103]            1         1     8.2      0.007    10k   
Data_out[102]            1         1     8.2      0.007    10k   
Data_out[101]            1         1     8.2      0.007    10k   
Data_out[100]            1         1     8.2      0.007    10k   
Data_out[99]             1         1     8.2      0.007    10k   
Data_out[98]             1         1     8.2      0.007    10k   
Data_out[97]             1         1     8.2      0.007    10k   
Data_out[96]             1         1     8.2      0.007    10k   
Data_out[95]             1         1     8.2      0.007    10k   
Data_in[5]              15         1     0.0      0.000    10k   
Data_out[94]             1         1     8.2      0.007    10k   
Data_out[93]             1         1     8.2      0.007    10k   
Data_out[92]             1         1     8.2      0.007    10k   
Data_out[91]             1         1     8.2      0.007    10k   
Data_out[90]             1         1     8.2      0.007    10k   
Data_out[89]             1         1     8.2      0.007    10k   
Data_out[88]             1         1     8.2      0.007    10k   
Data_out[87]             1         1     8.2      0.007    10k   
Data_out[86]             1         1     8.2      0.007    10k   
Data_out[85]             1         1     8.2      0.007    10k   
Data_in[4]              15         1     0.0      0.000    10k   
Mclk                   136         1     0.0      0.000    10k   
n_816                    1         1     8.2      0.007    10k   
n_817                    1         1     8.2      0.007    10k   
n_818                    1         1     8.2      0.007    10k   
n_819                    1         1     8.2      0.007    10k   
n_820                    1         1     8.2      0.007    10k   
n_821                    1         1     8.2      0.007    10k   
n_822                    1         1     8.2      0.007    10k   
n_823                    1         1     8.2      0.007    10k   
n_824                    1         1     8.2      0.007    10k   
n_825                    1         1     8.2      0.007    10k   
n_826                    1         1     8.2      0.007    10k   
n_827                    1         1     8.2      0.007    10k   
n_828                    1         1     8.2      0.007    10k   
n_829                    1         1     8.2      0.007    10k   
n_830                    1         1     8.2      0.007    10k   
n_831                    1         1     8.2      0.007    10k   
n_832                    1         1     8.2      0.007    10k   
n_833                    1         1     8.2      0.007    10k   
n_834                    1         1     8.2      0.007    10k   
n_835                    1         1     8.2      0.007    10k   
n_836                    1         1     8.2      0.007    10k   
n_837                    1         1     8.2      0.007    10k   
n_838                    1         1     8.2      0.007    10k   
n_839                    1         1     8.2      0.007    10k   
n_840                    1         1     8.2      0.007    10k   
n_841                    1         1     8.2      0.007    10k   
n_842                    1         1     8.2      0.007    10k   
n_843                    1         1     8.2      0.007    10k   
n_844                    1         1     8.2      0.007    10k   
n_845                    1         1     8.2      0.007    10k   
n_846                    1         1     8.2      0.007    10k   
n_847                    1         1     8.2      0.007    10k   
n_848                    1         1     8.2      0.007    10k   
n_849                    1         1     8.2      0.007    10k   
n_850                    1         1     8.2      0.007    10k   
n_851                    1         1     8.2      0.007    10k   
n_852                    1         1     8.2      0.007    10k   
n_853                    1         1     8.2      0.007    10k   
n_854                    1         1     8.2      0.007    10k   
n_855                    1         1     8.2      0.007    10k   
n_856                    1         1     8.2      0.007    10k   
n_857                    1         1     8.2      0.007    10k   
n_858                    1         1     8.2      0.007    10k   
n_859                    1         1     8.2      0.007    10k   
n_860                    1         1     8.2      0.007    10k   
n_861                    1         1     8.2      0.007    10k   
n_862                    1         1     8.2      0.007    10k   
n_863                    1         1     8.2      0.007    10k   
n_864                    1         1     8.2      0.007    10k   
n_865                    1         1     8.2      0.007    10k   
n_866                    1         1     8.2      0.007    10k   
n_867                    1         1     8.2      0.007    10k   
n_868                    1         1     8.2      0.007    10k   
n_869                    1         1     8.2      0.007    10k   
n_870                    1         1     8.2      0.007    10k   
n_871                    1         1     8.2      0.007    10k   
n_872                    1         1     8.2      0.007    10k   
n_873                    1         1     8.2      0.007    10k   
n_874                    1         1     8.2      0.007    10k   
n_875                    1         1     8.2      0.007    10k   
n_876                    1         1     8.2      0.007    10k   
n_877                    1         1     8.2      0.007    10k   
n_878                    1         1     8.2      0.007    10k   
n_879                    1         1     8.2      0.007    10k   
n_880                    1         1     8.2      0.007    10k   
n_881                    1         1     8.2      0.007    10k   
n_882                    1         1     8.2      0.007    10k   
n_883                    1         1     8.2      0.007    10k   
n_884                    1         1     8.2      0.007    10k   
n_885                    1         1     8.2      0.007    10k   
n_886                    1         1     8.2      0.007    10k   
n_887                    1         1     8.2      0.007    10k   
n_888                    1         1     8.2      0.007    10k   
n_889                    1         1     8.2      0.007    10k   
n_890                    1         1     8.2      0.007    10k   
n_891                    1         1     8.2      0.007    10k   
n_892                    1         1     8.2      0.007    10k   
n_893                    1         1     8.2      0.007    10k   
n_894                    1         1     8.2      0.007    10k   
n_895                    1         1     8.2      0.007    10k   
n_896                    1         1     8.2      0.007    10k   
n_897                    1         1     8.2      0.007    10k   
n_898                    1         1     8.2      0.007    10k   
n_899                    1         1     8.2      0.007    10k   
n_900                    1         1     8.2      0.007    10k   
n_901                    1         1     8.2      0.007    10k   
n_902                    1         1     8.2      0.007    10k   
n_903                    1         1     8.2      0.007    10k   
n_904                    1         1     8.2      0.007    10k   
n_905                    1         1     8.2      0.007    10k   
n_906                    1         1     8.2      0.007    10k   
n_907                    1         1     8.2      0.007    10k   
n_908                    1         1     8.2      0.007    10k   
n_909                    1         1     8.2      0.007    10k   
n_910                    1         1     8.2      0.007    10k   
n_911                    1         1     8.2      0.007    10k   
n_912                    1         1     8.2      0.007    10k   
n_913                    1         1     8.2      0.007    10k   
n_914                    1         1     8.2      0.007    10k   
n_915                    1         1     8.2      0.007    10k   
n_916                    1         1     8.2      0.007    10k   
n_917                    1         1     8.2      0.007    10k   
n_918                    1         1     8.2      0.007    10k   
n_919                    1         1     8.2      0.007    10k   
n_920                    1         1     8.2      0.007    10k   
n_921                    1         1     8.2      0.007    10k   
n_922                    1         1     8.2      0.007    10k   
n_923                    1         1     8.2      0.007    10k   
n_924                    1         1     8.2      0.007    10k   
n_925                    1         1     8.2      0.007    10k   
n_926                    1         1     8.2      0.007    10k   
n_927                    1         1     8.2      0.007    10k   
n_928                    1         1     8.2      0.007    10k   
n_929                    1         1     8.2      0.007    10k   
n_930                    1         1     8.2      0.007    10k   
n_931                    1         1     8.2      0.007    10k   
n_932                    1         1     8.2      0.007    10k   
n_933                    1         1     8.2      0.007    10k   
n_934                    1         1     8.2      0.007    10k   
n_935                    1         1     8.2      0.007    10k   
n_936                    1         1     8.2      0.007    10k   
n_937                    1         1     8.2      0.007    10k   
n_938                    1         1     8.2      0.007    10k   
n_939                    1         1     8.2      0.007    10k   
n_940                    1         1     8.2      0.007    10k   
n_941                    1         1     8.2      0.007    10k   
n_942                    1         1     8.2      0.007    10k   
n_943                    1         1     8.2      0.007    10k   
n_944                    1         1     8.2      0.007    10k   
