============================================================
  Generated by:           Encounter(R) RTL Compiler v11.20-s017_1
  Generated on:           Jul 22 2016  05:37:02 pm
  Module:                 final_spi
  Technology libraries:   c35_CORELIB_TYP 3.02
                          c35_IOLIB_TYP revision 1.0
  Operating conditions:   typical (balanced_tree)
  Wireload mode:          enclosed
  Area mode:              timing library
============================================================

	Timing
	------

  Slack          Endpoint        Cost Group 
-------------------------------------------------
+46263ps I_I1_ex_mem_reg[2][6]/E default    


	Area
	----

 Instance  Cells  Cell Area  Net Area  Total Area  Wireload     
----------------------------------------------------------------
final_spi   1041     169187     18855      188042       10k (S) 

 (S) = wireload was automatically selected

	Design Rule Check
	-----------------

Max_transition design rule: no violations.

Max_capacitance design rule: no violations.


