#! c:/iverilog-x86/bin/vvp
:ivl_version "10.0 (stable)" "(v10_0)";
:ivl_delay_selection "TYPICAL";
:vpi_time_precision - 12;
:vpi_module "system";
:vpi_module "vhdl_sys";
:vpi_module "v2005_math";
:vpi_module "va_math";
S_01223248 .scope module, "control_unit" "control_unit" 2 3;
 .timescale -9 -12;
    .port_info 0 /OUTPUT 1 "data_av"
    .port_info 1 /OUTPUT 1 "read_req"
    .port_info 2 /OUTPUT 8 "add_byte"
    .port_info 3 /INPUT 1 "read_request"
    .port_info 4 /INPUT 1 "data_available"
    .port_info 5 /INPUT 1 "m_clk"
    .port_info 6 /INPUT 1 "n_reset"
v01228798_0 .var "add_byte", 0 7;
v0122ec20_0 .var "data_av", 0 0;
o010d3fcc .functor BUFZ 1, C4<z>; HiZ drive
v0122ec78_0 .net "data_available", 0 0, o010d3fcc;  0 drivers
o010d3fe4 .functor BUFZ 1, C4<z>; HiZ drive
v0122ecd0_0 .net "m_clk", 0 0, o010d3fe4;  0 drivers
o010d3ffc .functor BUFZ 1, C4<z>; HiZ drive
v0122ed28_0 .net "n_reset", 0 0, o010d3ffc;  0 drivers
v0122ed80_0 .var "read_req", 0 0;
o010d402c .functor BUFZ 1, C4<z>; HiZ drive
v0122edd8_0 .net "read_request", 0 0, o010d402c;  0 drivers
E_010d25d8/0 .event negedge, v0122ed28_0;
E_010d25d8/1 .event posedge, v0122ecd0_0;
E_010d25d8 .event/or E_010d25d8/0, E_010d25d8/1;
    .scope S_01223248;
T_0 ;
    %wait E_010d25d8;
    %load/vec4 v0122ed28_0;
    %nor/r;
    %flag_set/vec4 8;
    %jmp/0xz  T_0.0, 8;
    %pushi/vec4 1, 0, 1;
    %assign/vec4 v0122ec20_0, 0;
    %pushi/vec4 0, 0, 1;
    %assign/vec4 v0122ed80_0, 0;
    %pushi/vec4 0, 0, 8;
    %assign/vec4 v01228798_0, 0;
    %jmp T_0.1;
T_0.0 ;
    %load/vec4 v0122ec78_0;
    %load/vec4 v0122edd8_0;
    %nor/r;
    %and;
    %flag_set/vec4 8;
    %load/vec4 v0122ec78_0;
    %nor/r;
    %load/vec4 v0122edd8_0;
    %and;
    %flag_set/vec4 9;
    %flag_or 9, 8;
    %jmp/0xz  T_0.2, 9;
    %pushi/vec4 0, 0, 1;
    %assign/vec4 v0122ec20_0, 0;
    %pushi/vec4 0, 0, 1;
    %assign/vec4 v0122ed80_0, 0;
    %pushi/vec4 0, 0, 8;
    %assign/vec4 v01228798_0, 0;
    %jmp T_0.3;
T_0.2 ;
    %load/vec4 v0122ec78_0;
    %nor/r;
    %load/vec4 v0122edd8_0;
    %nor/r;
    %and;
    %flag_set/vec4 8;
    %jmp/0xz  T_0.4, 8;
    %load/vec4 v0122ec78_0;
    %assign/vec4 v0122ec20_0, 0;
    %pushi/vec4 1, 0, 1;
    %ix/load 4, 7, 0;
    %ix/load 5, 0, 0;
    %flag_set/imm 4, 0;
    %assign/vec4/off/d v01228798_0, 4, 5;
    %pushi/vec4 45, 0, 7;
    %ix/load 4, 0, 0;
    %ix/load 5, 0, 0;
    %flag_set/imm 4, 0;
    %assign/vec4/off/d v01228798_0, 4, 5;
    %jmp T_0.5;
T_0.4 ;
    %load/vec4 v0122ec78_0;
    %load/vec4 v0122edd8_0;
    %and;
    %flag_set/vec4 8;
    %jmp/0xz  T_0.6, 8;
    %load/vec4 v0122edd8_0;
    %assign/vec4 v0122ed80_0, 0;
    %pushi/vec4 0, 0, 1;
    %ix/load 4, 7, 0;
    %ix/load 5, 0, 0;
    %flag_set/imm 4, 0;
    %assign/vec4/off/d v01228798_0, 4, 5;
    %pushi/vec4 45, 0, 7;
    %ix/load 4, 0, 0;
    %ix/load 5, 0, 0;
    %flag_set/imm 4, 0;
    %assign/vec4/off/d v01228798_0, 4, 5;
T_0.6 ;
T_0.5 ;
T_0.3 ;
T_0.1 ;
    %jmp T_0;
    .thread T_0;
# The file index is used to find the file name in the following table.
:file_names 3;
    "N/A";
    "<interactive>";
    "control_unit.v";
