#! c:/iverilog-x86/bin/vvp
:ivl_version "10.0 (stable)" "(v10_0)";
:ivl_delay_selection "TYPICAL";
:vpi_time_precision - 12;
:vpi_module "system";
:vpi_module "vhdl_sys";
:vpi_module "v2005_math";
:vpi_module "va_math";
S_010f30c0 .scope module, "asy_fifo" "asy_fifo" 2 2;
 .timescale -9 -12;
    .port_info 0 /OUTPUT 8 "rdata"
    .port_info 1 /INPUT 8 "wdata"
    .port_info 2 /INPUT 1 "winc"
    .port_info 3 /INPUT 1 "clk"
    .port_info 4 /INPUT 1 "rst"
    .port_info 5 /INPUT 1 "rinc"
P_00fd3f78 .param/l "ASIZE" 0 2 6, +C4<00000000000000000000000000000100>;
P_00fd3f98 .param/l "DSIZE" 0 2 5, +C4<00000000000000000000000000001000>;
P_00fd3fb8 .param/l "MEMDEPTH" 0 2 17, +C4<00000000000000000000000010100000>;
o00fd3fec .functor BUFZ 1, C4<z>; HiZ drive
v010f3190_0 .net "clk", 0 0, o00fd3fec;  0 drivers
v010f31e8 .array "ex_mem", 0 159, 7 0;
v010f3240_0 .var "r_pointer", 4 0;
v010fe688_0 .var "rdata", 7 0;
o00fd4034 .functor BUFZ 1, C4<z>; HiZ drive
v010fe6e0_0 .net "rinc", 0 0, o00fd4034;  0 drivers
o00fd404c .functor BUFZ 1, C4<z>; HiZ drive
v010fe738_0 .net "rst", 0 0, o00fd404c;  0 drivers
v010fe790_0 .var "w_pointer", 4 0;
o00fd407c .functor BUFZ 8, C4<zzzzzzzz>; HiZ drive
v010fe7e8_0 .net "wdata", 7 0, o00fd407c;  0 drivers
o00fd4094 .functor BUFZ 1, C4<z>; HiZ drive
v010fe840_0 .net "winc", 0 0, o00fd4094;  0 drivers
E_010fa4f8 .event posedge, v010f3190_0;
    .scope S_010f30c0;
T_0 ;
    %pushi/vec4 0, 0, 5;
    %assign/vec4 v010fe790_0, 0;
    %pushi/vec4 0, 0, 5;
    %assign/vec4 v010f3240_0, 0;
    %end;
    .thread T_0;
    .scope S_010f30c0;
T_1 ;
    %wait E_010fa4f8;
    %load/vec4 v010fe738_0;
    %flag_set/vec4 8;
    %jmp/0xz  T_1.0, 8;
    %pushi/vec4 0, 0, 5;
    %assign/vec4 v010fe790_0, 0;
    %pushi/vec4 0, 0, 5;
    %assign/vec4 v010f3240_0, 0;
    %jmp T_1.1;
T_1.0 ;
    %load/vec4 v010fe840_0;
    %flag_set/vec4 8;
    %jmp/0xz  T_1.2, 8;
    %load/vec4 v010fe790_0;
    %addi 1, 0, 5;
    %store/vec4 v010fe790_0, 0, 5;
    %load/vec4 v010fe7e8_0;
    %load/vec4 v010fe790_0;
    %parti/s 160, 0, 2;
    %ix/vec4 3;
    %ix/load 4, 0, 0; Constant delay
    %assign/vec4/a/d v010f31e8, 0, 4;
    %jmp T_1.3;
T_1.2 ;
    %load/vec4 v010fe6e0_0;
    %flag_set/vec4 8;
    %jmp/0xz  T_1.4, 8;
    %load/vec4 v010f3240_0;
    %addi 1, 0, 5;
    %store/vec4 v010f3240_0, 0, 5;
    %load/vec4 v010f3240_0;
    %parti/s 160, 0, 2;
    %ix/vec4 4;
    %load/vec4a v010f31e8, 4;
    %assign/vec4 v010fe688_0, 0;
T_1.4 ;
T_1.3 ;
T_1.1 ;
    %jmp T_1;
    .thread T_1;
# The file index is used to find the file name in the following table.
:file_names 3;
    "N/A";
    "<interactive>";
    "asy_fifo.v";
