============================================================
  Generated by:           Encounter(R) RTL Compiler v11.20-s017_1
  Generated on:           Jul 19 2016  04:32:42 pm
  Module:                 spi_final_O
  Technology libraries:   c35_CORELIB_TYP 3.02
                          c35_IOLIB_TYP revision 1.0
  Operating conditions:   typical (balanced_tree)
  Wireload mode:          enclosed
  Area mode:              timing library
============================================================

                              
  Gate   Instances    Area          Library      
-------------------------------------------------
ADD21            2    291.200    c35_CORELIB_TYP 
ADD22            3    436.800    c35_CORELIB_TYP 
AOI210           6    436.800    c35_CORELIB_TYP 
AOI221           1     91.000    c35_CORELIB_TYP 
CLKIN2           2     72.800    c35_CORELIB_TYP 
CLKIN6           1     54.600    c35_CORELIB_TYP 
DFC3            38  11757.200    c35_CORELIB_TYP 
DFE1           105  34398.000    c35_CORELIB_TYP 
DFEC1            7   2420.600    c35_CORELIB_TYP 
DFP3             1    309.400    c35_CORELIB_TYP 
DLQ3           120  21840.000    c35_CORELIB_TYP 
IMUX20           8    728.000    c35_CORELIB_TYP 
IMUX21           1     91.000    c35_CORELIB_TYP 
INV0            19    691.600    c35_CORELIB_TYP 
INV3             2     72.800    c35_CORELIB_TYP 
JKC3             1    364.000    c35_CORELIB_TYP 
NAND20          30   1638.000    c35_CORELIB_TYP 
NAND22           5    273.000    c35_CORELIB_TYP 
NAND30           2    145.600    c35_CORELIB_TYP 
NOR20          151   8244.600    c35_CORELIB_TYP 
NOR21           12    655.200    c35_CORELIB_TYP 
NOR30            2    145.600    c35_CORELIB_TYP 
NOR31            1     72.800    c35_CORELIB_TYP 
OAI210          14   1019.200    c35_CORELIB_TYP 
OAI2110          4    364.000    c35_CORELIB_TYP 
OAI212           1     72.800    c35_CORELIB_TYP 
OAI220           3    273.000    c35_CORELIB_TYP 
OAI310           1     91.000    c35_CORELIB_TYP 
TFEC3            2    691.600    c35_CORELIB_TYP 
TFSC1            2    691.600    c35_CORELIB_TYP 
XNR20            1    109.200    c35_CORELIB_TYP 
XNR21            1    109.200    c35_CORELIB_TYP 
-------------------------------------------------
total          549  88652.200                    


                                      
   Type    Instances    Area   Area % 
--------------------------------------
sequential       276 72472.400   81.7 
inverter          24   891.800    1.0 
logic            249 15288.000   17.2 
--------------------------------------
total            549 88652.200  100.0 

