============================================================
  Generated by:           Encounter(R) RTL Compiler v11.20-s017_1
  Generated on:           Jul 19 2016  04:32:42 pm
  Module:                 spi_final_O
  Technology libraries:   c35_CORELIB_TYP 3.02
                          c35_IOLIB_TYP revision 1.0
  Operating conditions:   typical (balanced_tree)
  Wireload mode:          enclosed
  Area mode:              timing library
============================================================

                                     Wire      Wire   Wireload 
        Net        Loads   Drivers Cap(fF) Res(k-ohm)    Model 
---------------------------------------------------------------
A_counter[0]           2         1    16.3      0.014    10k   
A_counter[1]           3         1    24.5      0.021    10k   
A_counter[2]           1         1     8.2      0.007    10k   
A_counter[3]           2         1    16.3      0.014    10k   
O1_r_empty             4         1    32.7      0.028    10k   
O1_r_pointer[0]        2         1    16.3      0.014    10k   
O1_r_pointer[1]        2         1    16.3      0.014    10k   
O1_r_pointer[2]        2         1    16.3      0.014    10k   
O1_r_pointer[3]        2         1    16.3      0.014    10k   
O1_read_en             1         1     8.2      0.007    10k   
O1_rinc                1         1     8.2      0.007    10k   
O1_w_full              3         1    24.5      0.021    10k   
O1_w_pointer[0]        3         1    24.5      0.021    10k   
O1_w_pointer[1]        3         1    24.5      0.021    10k   
O1_w_pointer[2]        4         1    32.7      0.028    10k   
O1_w_pointer[3]        3         1    24.5      0.021    10k   
O1_winc                2         1    16.3      0.014    10k   
O2_control[0]          2         1    16.3      0.014    10k   
O2_control[1]          1         1     8.2      0.007    10k   
O2_control[2]          1         1     8.2      0.007    10k   
O2_data[0]             2         1    16.3      0.014    10k   
O2_data[1]             2         1    16.3      0.014    10k   
O2_data[2]             2         1    16.3      0.014    10k   
O2_data[3]             1         1     8.2      0.007    10k   
O2_data[4]             2         1    16.3      0.014    10k   
O2_data[5]             2         1    16.3      0.014    10k   
O2_data[6]             2         1    16.3      0.014    10k   
O2_point[0]            4         1    32.7      0.028    10k   
O2_point[1]            5         1    40.8      0.035    10k   
O2_point[2]            5         1    40.8      0.035    10k   
O2_point_add[0]        1         1     8.2      0.007    10k   
O2_point_add[1]        5         1    40.8      0.035    10k   
O2_point_add[2]        5         1    40.8      0.035    10k   
control_clk_miso     119         1     0.0      0.000    10k   
spi_clk               25         1     0.0      0.000    10k   
spi_cs                17         1     0.0      0.000    10k   
spi_miso_out[0]       15         1   122.5      0.105    10k   
spi_miso_out[1]       15         1   122.5      0.105    10k   
spi_miso_out[2]       15         1   122.5      0.105    10k   
spi_miso_out[3]       15         1   122.5      0.105    10k   
spi_miso_out[4]       15         1   122.5      0.105    10k   
spi_miso_out[5]       15         1   122.5      0.105    10k   
spi_miso_out[6]       15         1   122.5      0.105    10k   
n_75                   1         1     8.2      0.007    10k   
n_116                  1         1     8.2      0.007    10k   
n_117                  1         1     8.2      0.007    10k   
n_118                  1         1     8.2      0.007    10k   
n_119                  1         1     8.2      0.007    10k   
n_120                  1         1     8.2      0.007    10k   
n_121                  1         1     8.2      0.007    10k   
n_122                  1         1     8.2      0.007    10k   
n_123                  1         1     8.2      0.007    10k   
n_124                  2         1    16.3      0.014    10k   
n_125                  2         1    16.3      0.014    10k   
n_126                  1         1     8.2      0.007    10k   
n_127                  2         1    16.3      0.014    10k   
n_128                  1         1     8.2      0.007    10k   
n_129                  1         1     8.2      0.007    10k   
n_130                  1         1     8.2      0.007    10k   
n_131                  1         1     8.2      0.007    10k   
n_132                  1         1     8.2      0.007    10k   
n_133                  1         1     8.2      0.007    10k   
n_134                  1         1     8.2      0.007    10k   
n_135                  1         1     8.2      0.007    10k   
n_136                  1         1     8.2      0.007    10k   
n_137                  1         1     8.2      0.007    10k   
n_138                  1         1     8.2      0.007    10k   
n_139                  1         1     8.2      0.007    10k   
n_140                  1         1     8.2      0.007    10k   
n_141                  1         1     8.2      0.007    10k   
n_142                  1         1     8.2      0.007    10k   
n_143                  1         1     8.2      0.007    10k   
n_144                  1         1     8.2      0.007    10k   
n_145                  1         1     8.2      0.007    10k   
n_146                  1         1     8.2      0.007    10k   
n_147                  1         1     8.2      0.007    10k   
n_148                  1         1     8.2      0.007    10k   
n_149                  1         1     8.2      0.007    10k   
n_150                  1         1     8.2      0.007    10k   
n_151                  1         1     8.2      0.007    10k   
n_152                  1         1     8.2      0.007    10k   
n_153                  1         1     8.2      0.007    10k   
n_154                  1         1     8.2      0.007    10k   
n_155                  1         1     8.2      0.007    10k   
n_156                  1         1     8.2      0.007    10k   
n_157                  1         1     8.2      0.007    10k   
n_158                  1         1     8.2      0.007    10k   
n_159                  1         1     8.2      0.007    10k   
n_160                  1         1     8.2      0.007    10k   
n_161                  1         1     8.2      0.007    10k   
n_162                  1         1     8.2      0.007    10k   
n_163                  1         1     8.2      0.007    10k   
n_164                  1         1     8.2      0.007    10k   
n_165                  1         1     8.2      0.007    10k   
n_166                  1         1     8.2      0.007    10k   
n_167                  1         1     8.2      0.007    10k   
n_168                  1         1     8.2      0.007    10k   
n_169                  1         1     8.2      0.007    10k   
n_170                  1         1     8.2      0.007    10k   
n_171                  1         1     8.2      0.007    10k   
n_172                  1         1     8.2      0.007    10k   
n_173                  1         1     8.2      0.007    10k   
n_174                  1         1     8.2      0.007    10k   
n_175                  1         1     8.2      0.007    10k   
n_176                  1         1     8.2      0.007    10k   
n_177                  1         1     8.2      0.007    10k   
n_178                  1         1     8.2      0.007    10k   
n_179                  1         1     8.2      0.007    10k   
n_180                  1         1     8.2      0.007    10k   
n_181                  1         1     8.2      0.007    10k   
n_182                  1         1     8.2      0.007    10k   
n_183                  1         1     8.2      0.007    10k   
n_184                  1         1     8.2      0.007    10k   
n_185                  1         1     8.2      0.007    10k   
n_186                  1         1     8.2      0.007    10k   
n_187                  1         1     8.2      0.007    10k   
n_188                  1         1     8.2      0.007    10k   
n_189                  1         1     8.2      0.007    10k   
n_190                  1         1     8.2      0.007    10k   
n_191                  1         1     8.2      0.007    10k   
n_192                  1         1     8.2      0.007    10k   
n_193                  1         1     8.2      0.007    10k   
n_194                  1         1     8.2      0.007    10k   
n_195                  1         1     8.2      0.007    10k   
n_196                  1         1     8.2      0.007    10k   
n_197                  1         1     8.2      0.007    10k   
n_198                  3         1    24.5      0.021    10k   
n_199                  1         1     8.2      0.007    10k   
n_200                  1         1     8.2      0.007    10k   
n_201                  1         1     8.2      0.007    10k   
n_202                  1         1     8.2      0.007    10k   
n_203                  1         1     8.2      0.007    10k   
n_204                  1         1     8.2      0.007    10k   
n_205                  1         1     8.2      0.007    10k   
n_206                  1         1     8.2      0.007    10k   
n_207                  1         1     8.2      0.007    10k   
n_208                  1         1     8.2      0.007    10k   
n_209                  1         1     8.2      0.007    10k   
n_210                  1         1     8.2      0.007    10k   
n_211                  1         1     8.2      0.007    10k   
n_212                  1         1     8.2      0.007    10k   
n_213                  1         1     8.2      0.007    10k   
n_214                  1         1     8.2      0.007    10k   
n_215                  1         1     8.2      0.007    10k   
n_216                  1         1     8.2      0.007    10k   
n_217                  1         1     8.2      0.007    10k   
n_218                  1         1     8.2      0.007    10k   
n_219                  1         1     8.2      0.007    10k   
n_220                  1         1     8.2      0.007    10k   
n_221                  1         1     8.2      0.007    10k   
n_222                  1         1     8.2      0.007    10k   
n_223                  1         1     8.2      0.007    10k   
n_224                  1         1     8.2      0.007    10k   
n_225                  1         1     8.2      0.007    10k   
n_226                106         1   865.5      0.742    10k   
n_227                  1         1     8.2      0.007    10k   
n_228                  1         1     8.2      0.007    10k   
n_229                  1         1     8.2      0.007    10k   
n_230                  1         1     8.2      0.007    10k   
n_231                  1         1     8.2      0.007    10k   
n_232                  2         1    16.3      0.014    10k   
n_233                  2         1    16.3      0.014    10k   
n_234                  1         1     8.2      0.007    10k   
n_235                  1         1     8.2      0.007    10k   
n_236                  2         1    16.3      0.014    10k   
n_237                  2         1    16.3      0.014    10k   
n_238                  1         1     8.2      0.007    10k   
n_239                  1         1     8.2      0.007    10k   
n_240                  1         1     8.2      0.007    10k   
n_241                  1         1     8.2      0.007    10k   
n_244                  2         1    16.3      0.014    10k   
n_245                  1         1     8.2      0.007    10k   
n_246                  1         1     8.2      0.007    10k   
n_247                  1         1     8.2      0.007    10k   
n_248                  1         1     8.2      0.007    10k   
n_249                  1         1     8.2      0.007    10k   
n_250                  1         1     8.2      0.007    10k   
n_251                  1         1     8.2      0.007    10k   
n_253                  6         1    49.0      0.042    10k   
n_254                  1         1     8.2      0.007    10k   
n_255                  2         1    16.3      0.014    10k   
n_257                  3         1    24.5      0.021    10k   
n_258                  1         1     8.2      0.007    10k   
n_259                  2         1    16.3      0.014    10k   
n_260                  1         1     8.2      0.007    10k   
n_261                  1         1     8.2      0.007    10k   
n_262                  1         1     8.2      0.007    10k   
n_263                  1         1     8.2      0.007    10k   
n_264                  1         1     8.2      0.007    10k   
n_265                  1         1     8.2      0.007    10k   
n_266                  1         1     8.2      0.007    10k   
n_267                  1         1     8.2      0.007    10k   
n_268                  1         1     8.2      0.007    10k   
n_269                  1         1     8.2      0.007    10k   
n_270                  1         1     8.2      0.007    10k   
n_271                  1         1     8.2      0.007    10k   
n_272                  1         1     8.2      0.007    10k   
n_273                  1         1     8.2      0.007    10k   
n_274                  3         1    24.5      0.021    10k   
n_275                  2         1    16.3      0.014    10k   
n_276                  1         1     8.2      0.007    10k   
n_277                  2         1    16.3      0.014    10k   
n_278                  1         1     8.2      0.007    10k   
n_279                  5         1    40.8      0.035    10k   
n_280                  1         1     8.2      0.007    10k   
n_281                  4         1    32.7      0.028    10k   
n_282                  1         1     8.2      0.007    10k   
n_283                  1         1     8.2      0.007    10k   
n_284                  3         1    24.5      0.021    10k   
n_285                  1         1     8.2      0.007    10k   
n_286                  2         1    16.3      0.014    10k   
n_287                  4         1    32.7      0.028    10k   
n_288                  2         1    16.3      0.014    10k   
n_289                  1         1     8.2      0.007    10k   
n_290                  1         1     8.2      0.007    10k   
n_291                  4         1    32.7      0.028    10k   
n_292                  5         1    40.8      0.035    10k   
n_293                  1         1     8.2      0.007    10k   
n_294                  5         1    40.8      0.035    10k   
n_295                  1         1     8.2      0.007    10k   
n_296                  1         1     8.2      0.007    10k   
n_297                  5         1    40.8      0.035    10k   
n_298                  2         1    16.3      0.014    10k   
n_299                  1         1     8.2      0.007    10k   
n_300                  4         1    32.7      0.028    10k   
n_301                  1         1     8.2      0.007    10k   
n_302                  2         1    16.3      0.014    10k   
n_303                  1         1     8.2      0.007    10k   
n_304                  1         1     8.2      0.007    10k   
n_305                  1         1     8.2      0.007    10k   
n_306                  3         1    24.5      0.021    10k   
n_307                  3         1    24.5      0.021    10k   
n_308                  2         1    16.3      0.014    10k   
n_309                  1         1     8.2      0.007    10k   
n_310                  1         1     8.2      0.007    10k   
n_311                  3         1    24.5      0.021    10k   
n_312                  5         1    40.8      0.035    10k   
n_313                  4         1    32.7      0.028    10k   
n_314                  5         1    40.8      0.035    10k   
n_315                  4         1    32.7      0.028    10k   
n_316                  4         1    32.7      0.028    10k   
n_317                  5         1    40.8      0.035    10k   
n_318                  4         1    32.7      0.028    10k   
n_319                  1         1     8.2      0.007    10k   
n_320                  1         1     8.2      0.007    10k   
n_322                  2         1    16.3      0.014    10k   
n_323                  1         1     8.2      0.007    10k   
n_324                  4         1    32.7      0.028    10k   
n_325                  1         1     8.2      0.007    10k   
n_326                  3         1    24.5      0.021    10k   
n_327                  1         1     8.2      0.007    10k   
n_328                  2         1    16.3      0.014    10k   
n_329                  3         1    24.5      0.021    10k   
n_330                  5         1    40.8      0.035    10k   
n_331                  1         1     8.2      0.007    10k   
n_332                  2         1    16.3      0.014    10k   
n_333                  2         1    16.3      0.014    10k   
n_334                  1         1     8.2      0.007    10k   
n_335                  7         1    57.2      0.049    10k   
n_336                  1         1     8.2      0.007    10k   
n_337                  2         1    16.3      0.014    10k   
n_338                  1         1     8.2      0.007    10k   
n_339                  1         1     8.2      0.007    10k   
n_340                  1         1     8.2      0.007    10k   
n_341                  2         1    16.3      0.014    10k   
n_342                  1         1     8.2      0.007    10k   
n_343                  2         1    16.3      0.014    10k   
n_344                  1         1     8.2      0.007    10k   
n_345                  5         1    40.8      0.035    10k   
n_346                  1         1     8.2      0.007    10k   
n_347                  1         1     8.2      0.007    10k   
n_348                120         1     0.0      0.000    10k   
n_349                  2         1    16.3      0.014    10k   
n_350                  1         1     8.2      0.007    10k   
n_351                  1         1     8.2      0.007    10k   
n_352                  1         1     8.2      0.007    10k   
n_353                  4         1    32.7      0.028    10k   
n_354                  1         1     8.2      0.007    10k   
n_355                  2         1    16.3      0.014    10k   
n_356                  1         1     8.2      0.007    10k   
n_357                  1         1     8.2      0.007    10k   
n_358                  1         1     8.2      0.007    10k   
n_359                  4         1    32.7      0.028    10k   
n_360                  2         1    16.3      0.014    10k   
n_361                  1         1     8.2      0.007    10k   
n_362                  3         1    24.5      0.021    10k   
n_363                  1         1     8.2      0.007    10k   
n_364                  2         1    16.3      0.014    10k   
n_365                  1         1     8.2      0.007    10k   
n_366                  1         1     8.2      0.007    10k   
n_367                  1         1     8.2      0.007    10k   
n_368                  7         1    57.2      0.049    10k   
n_369                  7         1    57.2      0.049    10k   
n_370                  7         1    57.2      0.049    10k   
n_371                  7         1    57.2      0.049    10k   
n_372                  7         1    57.2      0.049    10k   
n_373                  7         1    57.2      0.049    10k   
n_374                  7         1    57.2      0.049    10k   
n_375                  7         1    57.2      0.049    10k   
n_376                  4         1    32.7      0.028    10k   
n_377                  1         1     8.2      0.007    10k   
n_378                  7         1    57.2      0.049    10k   
n_379                  7         1    57.2      0.049    10k   
n_380                  7         1    57.2      0.049    10k   
n_381                  7         1    57.2      0.049    10k   
n_382                  7         1    57.2      0.049    10k   
n_383                  7         1    57.2      0.049    10k   
n_384                  7         1    57.2      0.049    10k   
n_385                  1         1     8.2      0.007    10k   
n_386                  3         1    24.5      0.021    10k   
n_387                  1         1     8.2      0.007    10k   
n_388                  3         1    24.5      0.021    10k   
n_389                  1         1     8.2      0.007    10k   
n_390                  1         1     8.2      0.007    10k   
n_391                  2         1    16.3      0.014    10k   
n_392                  1         1     8.2      0.007    10k   
n_393                  1         1     8.2      0.007    10k   
n_394                  1         1     8.2      0.007    10k   
n_395                  2         1    16.3      0.014    10k   
n_396                  1         1     8.2      0.007    10k   
n_397                  2         1    16.3      0.014    10k   
n_398                  4         1    32.7      0.028    10k   
n_399                  1         1     8.2      0.007    10k   
n_400                  1         1     8.2      0.007    10k   
n_401                  1         1     8.2      0.007    10k   
n_402                  1         1     8.2      0.007    10k   
n_403                  1         1     8.2      0.007    10k   
n_404                  1         1     8.2      0.007    10k   
data_out[0]            1         1     8.2      0.007    10k   
data_out[100]          1         1     0.0      0.000    10k   
data_out[101]          1         1     0.0      0.000    10k   
data_out[102]          1         1     0.0      0.000    10k   
data_out[103]          1         1     0.0      0.000    10k   
data_out[104]          1         1     0.0      0.000    10k   
data_out[105]          1         1     0.0      0.000    10k   
data_out[106]          1         1     0.0      0.000    10k   
data_out[107]          1         1     0.0      0.000    10k   
data_out[108]          1         1     0.0      0.000    10k   
data_out[109]          1         1     0.0      0.000    10k   
data_out[10]           1         1     0.0      0.000    10k   
data_out[110]          1         1     0.0      0.000    10k   
data_out[111]          1         1     0.0      0.000    10k   
data_out[112]          1         1     0.0      0.000    10k   
data_out[113]          1         1     0.0      0.000    10k   
data_out[114]          1         1     0.0      0.000    10k   
data_out[115]          1         1     0.0      0.000    10k   
data_out[116]          1         1     0.0      0.000    10k   
data_out[117]          1         1     0.0      0.000    10k   
data_out[118]          1         1     0.0      0.000    10k   
data_out[119]          1         1     0.0      0.000    10k   
data_out[11]           1         1     0.0      0.000    10k   
data_out[12]           1         1     0.0      0.000    10k   
data_out[13]           1         1     0.0      0.000    10k   
data_out[14]           1         1     0.0      0.000    10k   
data_out[15]           1         1     0.0      0.000    10k   
data_out[16]           1         1     0.0      0.000    10k   
data_out[17]           1         1     0.0      0.000    10k   
data_out[18]           1         1     0.0      0.000    10k   
data_out[19]           1         1     0.0      0.000    10k   
data_out[1]            1         1     0.0      0.000    10k   
data_out[20]           1         1     0.0      0.000    10k   
data_out[21]           1         1     0.0      0.000    10k   
data_out[22]           1         1     0.0      0.000    10k   
data_out[23]           1         1     0.0      0.000    10k   
data_out[24]           1         1     0.0      0.000    10k   
data_out[25]           1         1     0.0      0.000    10k   
data_out[26]           1         1     0.0      0.000    10k   
data_out[27]           1         1     0.0      0.000    10k   
data_out[28]           1         1     0.0      0.000    10k   
data_out[29]           1         1     0.0      0.000    10k   
data_out[2]            1         1     0.0      0.000    10k   
data_out[30]           1         1     0.0      0.000    10k   
data_out[31]           1         1     0.0      0.000    10k   
data_out[32]           1         1     0.0      0.000    10k   
data_out[33]           1         1     0.0      0.000    10k   
data_out[34]           1         1     0.0      0.000    10k   
data_out[35]           1         1     0.0      0.000    10k   
data_out[36]           1         1     0.0      0.000    10k   
data_out[37]           1         1     0.0      0.000    10k   
data_out[38]           1         1     0.0      0.000    10k   
data_out[39]           1         1     0.0      0.000    10k   
data_out[3]            1         1     0.0      0.000    10k   
data_out[40]           1         1     0.0      0.000    10k   
data_out[41]           1         1     0.0      0.000    10k   
data_out[42]           1         1     0.0      0.000    10k   
data_out[43]           1         1     0.0      0.000    10k   
data_out[44]           1         1     0.0      0.000    10k   
data_out[45]           1         1     0.0      0.000    10k   
data_out[46]           1         1     0.0      0.000    10k   
data_out[47]           1         1     0.0      0.000    10k   
data_out[48]           1         1     0.0      0.000    10k   
data_out[49]           1         1     0.0      0.000    10k   
data_out[4]            1         1     0.0      0.000    10k   
data_out[50]           1         1     0.0      0.000    10k   
data_out[51]           1         1     0.0      0.000    10k   
data_out[52]           1         1     0.0      0.000    10k   
data_out[53]           1         1     0.0      0.000    10k   
data_out[54]           1         1     0.0      0.000    10k   
data_out[55]           1         1     0.0      0.000    10k   
data_out[56]           1         1     0.0      0.000    10k   
data_out[57]           1         1     0.0      0.000    10k   
data_out[58]           1         1     0.0      0.000    10k   
data_out[59]           1         1     0.0      0.000    10k   
data_out[5]            1         1     0.0      0.000    10k   
data_out[60]           1         1     0.0      0.000    10k   
data_out[61]           1         1     0.0      0.000    10k   
data_out[62]           1         1     0.0      0.000    10k   
data_out[63]           1         1     0.0      0.000    10k   
data_out[64]           1         1     0.0      0.000    10k   
data_out[65]           1         1     0.0      0.000    10k   
data_out[66]           1         1     0.0      0.000    10k   
data_out[67]           1         1     0.0      0.000    10k   
data_out[68]           1         1     0.0      0.000    10k   
data_out[69]           1         1     0.0      0.000    10k   
data_out[6]            1         1     0.0      0.000    10k   
data_out[70]           1         1     0.0      0.000    10k   
data_out[71]           1         1     0.0      0.000    10k   
data_out[72]           1         1     0.0      0.000    10k   
data_out[73]           1         1     0.0      0.000    10k   
data_out[74]           1         1     0.0      0.000    10k   
data_out[75]           1         1     0.0      0.000    10k   
data_out[76]           1         1     0.0      0.000    10k   
data_out[77]           1         1     0.0      0.000    10k   
data_out[78]           1         1     0.0      0.000    10k   
data_out[79]           1         1     0.0      0.000    10k   
data_out[7]            1         1     0.0      0.000    10k   
data_out[80]           1         1     0.0      0.000    10k   
data_out[81]           1         1     0.0      0.000    10k   
data_out[82]           1         1     0.0      0.000    10k   
data_out[83]           1         1     0.0      0.000    10k   
data_out[84]           1         1     0.0      0.000    10k   
data_out[85]           1         1     0.0      0.000    10k   
data_out[86]           1         1     0.0      0.000    10k   
data_out[87]           1         1     0.0      0.000    10k   
data_out[88]           1         1     0.0      0.000    10k   
data_out[89]           1         1     0.0      0.000    10k   
data_out[8]            1         1     0.0      0.000    10k   
data_out[90]           1         1     0.0      0.000    10k   
data_out[91]           1         1     0.0      0.000    10k   
data_out[92]           1         1     0.0      0.000    10k   
data_out[93]           1         1     0.0      0.000    10k   
data_out[94]           1         1     0.0      0.000    10k   
data_out[95]           1         1     0.0      0.000    10k   
data_out[96]           1         1     0.0      0.000    10k   
data_out[97]           1         1     0.0      0.000    10k   
data_out[98]           1         1     0.0      0.000    10k   
data_out[99]           1         1     0.0      0.000    10k   
data_out[9]            1         1     0.0      0.000    10k   
read_req               1         1     0.0      0.000    10k   
spi_miso_in            1         1     0.0      0.000    10k   
n_reset               53         1     0.0      0.000    10k   
n_528                 15         1                       10k   
spi_mosi_out           3         1     0.0      0.000    10k   
m_clk                 13         1     0.0      0.000    10k   
n_534                  1         1     8.2      0.007    10k   
n_535                  1         1     8.2      0.007    10k   
n_536                  1         1     8.2      0.007    10k   
n_551                  1         1     8.2      0.007    10k   
n_552                  1         1     8.2      0.007    10k   
n_553                  1         1     8.2      0.007    10k   
n_554                  1         1     8.2      0.007    10k   
n_555                  1         1     8.2      0.007    10k   
n_556                  1         1     8.2      0.007    10k   
n_557                  1         1     8.2      0.007    10k   
n_558                  1         1     8.2      0.007    10k   
n_559                  1         1     8.2      0.007    10k   
n_560                  1         1     8.2      0.007    10k   
n_561                  1         1     8.2      0.007    10k   
n_562                  1         1     8.2      0.007    10k   
n_563                  1         1     8.2      0.007    10k   
n_564                  1         1     8.2      0.007    10k   
n_565                  1         1     8.2      0.007    10k   
n_566                  1         1     8.2      0.007    10k   
n_567                  1         1     8.2      0.007    10k   
n_568                  1         1     8.2      0.007    10k   
n_569                  1         1     8.2      0.007    10k   
n_570                  1         1     8.2      0.007    10k   
n_571                  1         1     8.2      0.007    10k   
n_572                  1         1     8.2      0.007    10k   
n_573                  1         1     8.2      0.007    10k   
n_574                  1         1     8.2      0.007    10k   
n_575                  1         1     8.2      0.007    10k   
n_576                  1         1     8.2      0.007    10k   
n_577                  1         1     8.2      0.007    10k   
n_578                  1         1     8.2      0.007    10k   
n_579                  1         1     8.2      0.007    10k   
n_580                  1         1     8.2      0.007    10k   
n_581                  1         1     8.2      0.007    10k   
n_582                  1         1     8.2      0.007    10k   
n_583                  1         1     8.2      0.007    10k   
n_584                  1         1     8.2      0.007    10k   
n_585                  1         1     8.2      0.007    10k   
n_586                  1         1     8.2      0.007    10k   
n_587                  1         1     8.2      0.007    10k   
n_588                  1         1     8.2      0.007    10k   
n_589                  1         1     8.2      0.007    10k   
n_590                  1         1     8.2      0.007    10k   
n_591                  1         1     8.2      0.007    10k   
n_592                  1         1     8.2      0.007    10k   
n_593                  1         1     8.2      0.007    10k   
n_594                  1         1     8.2      0.007    10k   
n_595                  1         1     8.2      0.007    10k   
n_596                  1         1     8.2      0.007    10k   
n_597                  1         1     8.2      0.007    10k   
n_598                  1         1     8.2      0.007    10k   
n_599                  1         1     8.2      0.007    10k   
n_600                  1         1     8.2      0.007    10k   
n_601                  1         1     8.2      0.007    10k   
n_602                  1         1     8.2      0.007    10k   
n_603                  1         1     8.2      0.007    10k   
n_604                  1         1     8.2      0.007    10k   
n_605                  1         1     8.2      0.007    10k   
n_606                  1         1     8.2      0.007    10k   
n_607                  1         1     8.2      0.007    10k   
n_608                  1         1     8.2      0.007    10k   
n_609                  1         1     8.2      0.007    10k   
n_610                  1         1     8.2      0.007    10k   
n_611                  1         1     8.2      0.007    10k   
n_612                  1         1     8.2      0.007    10k   
n_613                  1         1     8.2      0.007    10k   
n_614                  1         1     8.2      0.007    10k   
n_615                  1         1     8.2      0.007    10k   
n_616                  1         1     8.2      0.007    10k   
n_617                  1         1     8.2      0.007    10k   
n_618                  1         1     8.2      0.007    10k   
n_619                  1         1     8.2      0.007    10k   
n_620                  1         1     8.2      0.007    10k   
n_621                  1         1     8.2      0.007    10k   
n_622                  1         1     8.2      0.007    10k   
n_623                  1         1     8.2      0.007    10k   
n_624                  1         1     8.2      0.007    10k   
n_625                  1         1     8.2      0.007    10k   
n_626                  1         1     8.2      0.007    10k   
n_627                  1         1     8.2      0.007    10k   
n_628                  1         1     8.2      0.007    10k   
n_629                  1         1     8.2      0.007    10k   
n_630                  1         1     8.2      0.007    10k   
n_631                  1         1     8.2      0.007    10k   
n_632                  1         1     8.2      0.007    10k   
n_633                  1         1     8.2      0.007    10k   
n_634                  1         1     8.2      0.007    10k   
n_635                  1         1     8.2      0.007    10k   
n_636                  1         1     8.2      0.007    10k   
n_637                  1         1     8.2      0.007    10k   
n_638                  1         1     8.2      0.007    10k   
n_639                  1         1     8.2      0.007    10k   
n_640                  1         1     8.2      0.007    10k   
n_641                  1         1     8.2      0.007    10k   
n_642                  1         1     8.2      0.007    10k   
n_643                  1         1     8.2      0.007    10k   
n_644                  1         1     8.2      0.007    10k   
n_645                  1         1     8.2      0.007    10k   
n_646                  1         1     8.2      0.007    10k   
n_647                  1         1     8.2      0.007    10k   
n_648                  1         1     8.2      0.007    10k   
n_649                  1         1     8.2      0.007    10k   
n_650                  1         1     8.2      0.007    10k   
n_651                  1         1     8.2      0.007    10k   
n_652                  1         1     8.2      0.007    10k   
n_653                  1         1     8.2      0.007    10k   
n_654                  1         1     8.2      0.007    10k   
n_655                  1         1     8.2      0.007    10k   
n_656                  1         1     8.2      0.007    10k   
n_657                  1         1     8.2      0.007    10k   
n_658                  1         1     8.2      0.007    10k   
n_659                  1         1     8.2      0.007    10k   
n_660                  1         1     8.2      0.007    10k   
n_661                  1         1     8.2      0.007    10k   
n_662                  1         1     8.2      0.007    10k   
n_663                  1         1     8.2      0.007    10k   
n_664                  1         1     8.2      0.007    10k   
n_665                  1         1     8.2      0.007    10k   
n_666                  1         1     8.2      0.007    10k   
n_667                  1         1     8.2      0.007    10k   
