Checking out license 'RTL_Compiler_Ultra'... (0 seconds elapsed)
Reading GUI preferences file '/fibus/fs3/18/c00cds01/.cadence/rc.gui'.
                       Cadence Encounter(R) RTL Compiler
               Version v11.20-s017_1 (64-bit), built Jul 19 2012


Usage: rc [-bg] [-ctos] [-cmdfile <string>] [-display <display>] [-E] 
          [-execute <string>]+ [-files <string>]+ [-lsf_cpus <integer>] 
          [-lsf_queue <string>] [-gui] [-logfile <string>] [-N <integer>] 
          [-no_custom] [-nogui] [-overwrite] [-post <string>]+ [-queue] [-wait 
          <integer>] [-rcl] [-rcp] [-use_license <string>] [-vdi] [-version] 

    [-bg]:
        enable background mode (disables command line editor)
    [-ctos]:
        start with a C_to_Silicon_Compiler_L license
    [-cmdfile <string>]:
        specify command logfile
    [-display <string>]:
        set the DISPLAY environment variable
    [-E]:
        exit on script error ('-files' processing)
    [-execute <string>]:
        command string to execute before '-files' processing
    [-files <string>]:
        execute command file or files
    [-gui]:
        start with GUI visible
    [-logfile <string>]:
        specify stdout logfile
    [-lsf_cpus <integer>]:
        number of LSF CPUs to use for super-threading
    [-lsf_queue <string>]:
        name of LSF queue
    [-N <integer>]:
        specify number of licenses for VDIO and RC-L
    [-no_custom]:
        only read master .synth_init file
    [-nogui]:
        start with GUI disabled
    [-overwrite]:
        overwrite default logfiles
    [-post <string>]:
       command string to execute after '-files' processing
    [-queue]:
        queues license
    [-wait <integer>]:
        queue wait timeout (default: 600s)
    [-rcl]:
        start in RC-L mode with an RTL_Compiler_L license
    [-rcp]:
        start in RC-P mode with an RTL_Compiler_Physical license
    [-use_license <string>]:
        specifies one of the following licenses
            C_to_Silicon_Compiler_L
            RTL_Compiler_L
            RTL_Compiler_Physical
            RTL_Compiler_Ultra
            RTL_Compiler_Verification
            Virtuoso_Digital_Implem
    [-vdi]:
        start in VDIO mode
    [-version]:
        return program version information

Abnormal exit.