============================================================
  Generated by:           Encounter(R) RTL Compiler v11.20-s017_1
  Generated on:           Jul 19 2016  04:32:42 pm
  Module:                 spi_final_O
  Technology libraries:   c35_CORELIB_TYP 3.02
                          c35_IOLIB_TYP revision 1.0
  Operating conditions:   typical (balanced_tree)
  Wireload mode:          enclosed
  Area mode:              timing library
============================================================

	Timing
	------

  Slack         Endpoint       Cost Group 
-----------------------------------------------
+47712ps O1_r_pointer_reg[1]/D default    


	Area
	----

  Instance   Cells  Cell Area  Net Area  Total Area  Wireload     
------------------------------------------------------------------
spi_final_O    549      88652      8352       97004       10k (S) 

 (S) = wireload was automatically selected

	Design Rule Check
	-----------------

Max_transition design rule: no violations.

Max_capacitance design rule: no violations.


