============================================================
  Generated by:           Encounter(R) RTL Compiler v11.20-s017_1
  Generated on:           Jul 19 2016  04:32:42 pm
  Module:                 spi_final_O
  Technology libraries:   c35_CORELIB_TYP 3.02
                          c35_IOLIB_TYP revision 1.0
  Operating conditions:   typical (balanced_tree)
  Wireload mode:          enclosed
  Area mode:              timing library
============================================================

        Pin             Type     Fanout Load Slew Delay Arrival   
                                        (fF) (ps)  (ps)   (ps)    
------------------------------------------------------------------
(clock m_clk)           launch                                0 R 
O1_r_pointer_reg[0]/C                           0             0 R 
O1_r_pointer_reg[0]/Q   DFC3          2 51.3  254  +736     736 F 
g3415/B                                              +0     736   
g3415/CO                ADD22         1 24.2  233  +347    1083 F 
g3375/A                                              +0    1083   
g3375/CO                ADD22         1 24.2  232  +317    1400 F 
g3291/A                                              +0    1400   
g3291/CO                ADD22         2 35.3  272  +348    1748 F 
g3162/A                                              +0    1748   
g3162/Q                 NAND22        2 40.3  428  +212    1960 R 
g3161/A                                              +0    1960   
g3161/Q                 INV3          4 72.7  289  +148    2108 F 
g3144/B                                              +0    2108   
g3144/Q                 NOR21         1 14.2  374  +168    2276 R 
O1_r_pointer_reg[1]/D   DFC3                         +0    2277   
O1_r_pointer_reg[1]/C   setup                   0   +11    2288 R 
- - - - - - - - - - - - - - - - - - - - - - - - - - - - - - - - - 
(clock m_clk)           capture                           50000 R 
------------------------------------------------------------------
Timing slack :   47712ps 
Start-point  : O1_r_pointer_reg[0]/C
End-point    : O1_r_pointer_reg[1]/D
